{"/Users/andeladeveloper/Documents/andela_projects/eventcity/server/dist/app.js": {"path":"/Users/andeladeveloper/Documents/andela_projects/eventcity/server/dist/app.js","statementMap":{"0":{"start":{"line":3,"column":24},"end":{"line":3,"column":53}},"1":{"start":{"line":5,"column":25},"end":{"line":5,"column":66}},"2":{"start":{"line":7,"column":12},"end":{"line":7,"column":27}},"3":{"start":{"line":9,"column":13},"end":{"line":9,"column":42}},"4":{"start":{"line":11,"column":13},"end":{"line":11,"column":38}},"5":{"start":{"line":13,"column":14},"end":{"line":13,"column":44}},"6":{"start":{"line":15,"column":15},"end":{"line":15,"column":42}},"7":{"start":{"line":17,"column":16},"end":{"line":17,"column":48}},"8":{"start":{"line":19,"column":13},"end":{"line":19,"column":38}},"9":{"start":{"line":21,"column":14},"end":{"line":21,"column":44}},"10":{"start":{"line":23,"column":14},"end":{"line":23,"column":40}},"11":{"start":{"line":25,"column":15},"end":{"line":25,"column":46}},"12":{"start":{"line":27,"column":15},"end":{"line":27,"column":40}},"13":{"start":{"line":29,"column":16},"end":{"line":29,"column":48}},"14":{"start":{"line":31,"column":39},"end":{"line":31,"column":93}},"15":{"start":{"line":33,"column":0},"end":{"line":33,"column":27}},"16":{"start":{"line":35,"column":14},"end":{"line":35,"column":32}},"17":{"start":{"line":36,"column":11},"end":{"line":36,"column":26}},"18":{"start":{"line":37,"column":13},"end":{"line":37,"column":30}},"19":{"start":{"line":38,"column":19},"end":{"line":38,"column":43}},"20":{"start":{"line":39,"column":15},"end":{"line":39,"column":34}},"21":{"start":{"line":41,"column":17},"end":{"line":41,"column":39}},"22":{"start":{"line":42,"column":10},"end":{"line":42,"column":33}},"23":{"start":{"line":44,"column":23},"end":{"line":44,"column":51}},"24":{"start":{"line":46,"column":10},"end":{"line":46,"column":19}},"25":{"start":{"line":47,"column":0},"end":{"line":47,"column":31}},"26":{"start":{"line":50,"column":0},"end":{"line":50,"column":31}},"27":{"start":{"line":51,"column":0},"end":{"line":51,"column":23}},"28":{"start":{"line":52,"column":0},"end":{"line":52,"column":27}},"29":{"start":{"line":53,"column":0},"end":{"line":53,"column":52}},"30":{"start":{"line":54,"column":0},"end":{"line":54,"column":24}},"31":{"start":{"line":55,"column":0},"end":{"line":55,"column":56}},"32":{"start":{"line":56,"column":0},"end":{"line":56,"column":28}},"33":{"start":{"line":58,"column":0},"end":{"line":58,"column":108}},"34":{"start":{"line":59,"column":0},"end":{"line":59,"column":42}},"35":{"start":{"line":60,"column":0},"end":{"line":60,"column":46}},"36":{"start":{"line":61,"column":0},"end":{"line":61,"column":44}},"37":{"start":{"line":62,"column":0},"end":{"line":62,"column":30}},"38":{"start":{"line":64,"column":0},"end":{"line":64,"column":60}},"39":{"start":{"line":67,"column":0},"end":{"line":71,"column":3}},"40":{"start":{"line":68,"column":12},"end":{"line":68,"column":34}},"41":{"start":{"line":69,"column":2},"end":{"line":69,"column":19}},"42":{"start":{"line":70,"column":2},"end":{"line":70,"column":12}},"43":{"start":{"line":74,"column":0},"end":{"line":86,"column":3}},"44":{"start":{"line":77,"column":2},"end":{"line":77,"column":35}},"45":{"start":{"line":78,"column":2},"end":{"line":78,"column":69}},"46":{"start":{"line":80,"column":2},"end":{"line":80,"column":32}},"47":{"start":{"line":82,"column":2},"end":{"line":85,"column":5}},"48":{"start":{"line":88,"column":0},"end":{"line":88,"column":21}}},"fnMap":{"0":{"name":"_interopRequireDefault","decl":{"start":{"line":31,"column":9},"end":{"line":31,"column":31}},"loc":{"start":{"line":31,"column":37},"end":{"line":31,"column":95}},"line":31},"1":{"name":"(anonymous_1)","decl":{"start":{"line":67,"column":8},"end":{"line":67,"column":9}},"loc":{"start":{"line":67,"column":34},"end":{"line":71,"column":1}},"line":67},"2":{"name":"(anonymous_2)","decl":{"start":{"line":74,"column":8},"end":{"line":74,"column":9}},"loc":{"start":{"line":74,"column":39},"end":{"line":86,"column":1}},"line":74}},"branchMap":{"0":{"loc":{"start":{"line":31,"column":46},"end":{"line":31,"column":92}},"type":"cond-expr","locations":[{"start":{"line":31,"column":70},"end":{"line":31,"column":73}},{"start":{"line":31,"column":76},"end":{"line":31,"column":92}}],"line":31},"1":{"loc":{"start":{"line":31,"column":46},"end":{"line":31,"column":67}},"type":"binary-expr","locations":[{"start":{"line":31,"column":46},"end":{"line":31,"column":49}},{"start":{"line":31,"column":53},"end":{"line":31,"column":67}}],"line":31},"2":{"loc":{"start":{"line":78,"column":21},"end":{"line":78,"column":68}},"type":"cond-expr","locations":[{"start":{"line":78,"column":60},"end":{"line":78,"column":63}},{"start":{"line":78,"column":66},"end":{"line":78,"column":68}}],"line":78},"3":{"loc":{"start":{"line":80,"column":13},"end":{"line":80,"column":30}},"type":"binary-expr","locations":[{"start":{"line":80,"column":13},"end":{"line":80,"column":23}},{"start":{"line":80,"column":27},"end":{"line":80,"column":30}}],"line":80}},"s":{"0":1,"1":1,"2":1,"3":1,"4":1,"5":1,"6":1,"7":1,"8":1,"9":1,"10":1,"11":1,"12":1,"13":1,"14":7,"15":1,"16":1,"17":1,"18":1,"19":1,"20":1,"21":1,"22":1,"23":1,"24":1,"25":1,"26":1,"27":1,"28":1,"29":1,"30":1,"31":1,"32":1,"33":1,"34":1,"35":1,"36":1,"37":1,"38":1,"39":1,"40":1,"41":1,"42":1,"43":1,"44":1,"45":1,"46":1,"47":1,"48":1},"f":{"0":7,"1":1,"2":1},"b":{"0":[4,3],"1":[7,7],"2":[0,1],"3":[1,0]},"_coverageSchema":"332fd63041d2c1bcb487cc26dd0d5f7d97098a6c","hash":"0c198fd2ca91e3002a3c7ea2a1c3a3d6838bd8fb","contentHash":"d78dbc5a1daff277ce799271cce5735a_11.4.1"}
,"/Users/andeladeveloper/Documents/andela_projects/eventcity/server/dist/config/config.js": {"path":"/Users/andeladeveloper/Documents/andela_projects/eventcity/server/dist/config/config.js","statementMap":{"0":{"start":{"line":3,"column":0},"end":{"line":3,"column":27}},"1":{"start":{"line":5,"column":0},"end":{"line":19,"column":2}}},"fnMap":{},"branchMap":{},"s":{"0":1,"1":1},"f":{},"b":{},"_coverageSchema":"332fd63041d2c1bcb487cc26dd0d5f7d97098a6c","hash":"c42aede75adbf992fe6b292be17ec9d379aa2607","contentHash":"ce3ff6ee408c8ecb1685d10cc6d6e6e8_11.4.1"}
,"/Users/andeladeveloper/Documents/andela_projects/eventcity/server/dist/controllers/centerControllers.js": {"path":"/Users/andeladeveloper/Documents/andela_projects/eventcity/server/dist/controllers/centerControllers.js","statementMap":{"0":{"start":{"line":3,"column":0},"end":{"line":5,"column":3}},"1":{"start":{"line":7,"column":14},"end":{"line":7,"column":34}},"2":{"start":{"line":9,"column":15},"end":{"line":9,"column":46}},"3":{"start":{"line":11,"column":39},"end":{"line":11,"column":93}},"4":{"start":{"line":13,"column":0},"end":{"line":13,"column":27}},"5":{"start":{"line":14,"column":17},"end":{"line":14,"column":38}},"6":{"start":{"line":16,"column":0},"end":{"line":20,"column":3}},"7":{"start":{"line":30,"column":20},"end":{"line":87,"column":1}},"8":{"start":{"line":31,"column":2},"end":{"line":31,"column":55}},"9":{"start":{"line":32,"column":2},"end":{"line":32,"column":63}},"10":{"start":{"line":33,"column":2},"end":{"line":33,"column":63}},"11":{"start":{"line":34,"column":2},"end":{"line":34,"column":67}},"12":{"start":{"line":35,"column":2},"end":{"line":35,"column":62}},"13":{"start":{"line":36,"column":2},"end":{"line":36,"column":62}},"14":{"start":{"line":37,"column":2},"end":{"line":37,"column":30}},"15":{"start":{"line":38,"column":2},"end":{"line":38,"column":36}},"16":{"start":{"line":40,"column":15},"end":{"line":40,"column":17}},"17":{"start":{"line":41,"column":18},"end":{"line":41,"column":64}},"18":{"start":{"line":42,"column":2},"end":{"line":86,"column":5}},"19":{"start":{"line":43,"column":20},"end":{"line":43,"column":43}},"20":{"start":{"line":44,"column":19},"end":{"line":44,"column":35}},"21":{"start":{"line":45,"column":4},"end":{"line":85,"column":5}},"22":{"start":{"line":46,"column":19},"end":{"line":55,"column":7}},"23":{"start":{"line":56,"column":6},"end":{"line":84,"column":9}},"24":{"start":{"line":57,"column":8},"end":{"line":64,"column":9}},"25":{"start":{"line":58,"column":10},"end":{"line":60,"column":13}},"26":{"start":{"line":59,"column":12},"end":{"line":59,"column":25}},"27":{"start":{"line":61,"column":10},"end":{"line":63,"column":13}},"28":{"start":{"line":65,"column":8},"end":{"line":83,"column":11}},"29":{"start":{"line":70,"column":10},"end":{"line":74,"column":11}},"30":{"start":{"line":71,"column":12},"end":{"line":73,"column":15}},"31":{"start":{"line":75,"column":10},"end":{"line":82,"column":13}},"32":{"start":{"line":76,"column":12},"end":{"line":81,"column":13}},"33":{"start":{"line":77,"column":14},"end":{"line":80,"column":17}},"34":{"start":{"line":97,"column":19},"end":{"line":147,"column":1}},"35":{"start":{"line":98,"column":2},"end":{"line":98,"column":55}},"36":{"start":{"line":99,"column":2},"end":{"line":99,"column":63}},"37":{"start":{"line":100,"column":2},"end":{"line":100,"column":63}},"38":{"start":{"line":101,"column":2},"end":{"line":101,"column":67}},"39":{"start":{"line":102,"column":2},"end":{"line":102,"column":62}},"40":{"start":{"line":103,"column":2},"end":{"line":103,"column":62}},"41":{"start":{"line":104,"column":2},"end":{"line":104,"column":30}},"42":{"start":{"line":105,"column":2},"end":{"line":105,"column":36}},"43":{"start":{"line":107,"column":15},"end":{"line":107,"column":17}},"44":{"start":{"line":108,"column":15},"end":{"line":117,"column":3}},"45":{"start":{"line":118,"column":2},"end":{"line":146,"column":5}},"46":{"start":{"line":119,"column":4},"end":{"line":126,"column":5}},"47":{"start":{"line":120,"column":6},"end":{"line":122,"column":9}},"48":{"start":{"line":121,"column":8},"end":{"line":121,"column":21}},"49":{"start":{"line":123,"column":6},"end":{"line":125,"column":9}},"50":{"start":{"line":127,"column":4},"end":{"line":145,"column":7}},"51":{"start":{"line":132,"column":6},"end":{"line":136,"column":7}},"52":{"start":{"line":133,"column":8},"end":{"line":135,"column":11}},"53":{"start":{"line":137,"column":6},"end":{"line":144,"column":9}},"54":{"start":{"line":138,"column":8},"end":{"line":143,"column":9}},"55":{"start":{"line":139,"column":10},"end":{"line":142,"column":13}},"56":{"start":{"line":157,"column":20},"end":{"line":168,"column":1}},"57":{"start":{"line":158,"column":2},"end":{"line":167,"column":5}},"58":{"start":{"line":159,"column":4},"end":{"line":163,"column":5}},"59":{"start":{"line":160,"column":6},"end":{"line":162,"column":9}},"60":{"start":{"line":164,"column":4},"end":{"line":166,"column":7}},"61":{"start":{"line":179,"column":23},"end":{"line":206,"column":1}},"62":{"start":{"line":180,"column":14},"end":{"line":180,"column":15}},"63":{"start":{"line":181,"column":15},"end":{"line":181,"column":16}},"64":{"start":{"line":182,"column":2},"end":{"line":205,"column":5}},"65":{"start":{"line":183,"column":15},"end":{"line":183,"column":30}},"66":{"start":{"line":185,"column":16},"end":{"line":185,"column":38}},"67":{"start":{"line":186,"column":4},"end":{"line":186,"column":30}},"68":{"start":{"line":187,"column":16},"end":{"line":187,"column":45}},"69":{"start":{"line":188,"column":4},"end":{"line":192,"column":5}},"70":{"start":{"line":189,"column":6},"end":{"line":191,"column":9}},"71":{"start":{"line":193,"column":4},"end":{"line":193,"column":32}},"72":{"start":{"line":194,"column":4},"end":{"line":204,"column":7}},"73":{"start":{"line":199,"column":6},"end":{"line":203,"column":9}},"74":{"start":{"line":208,"column":19},"end":{"line":231,"column":1}},"75":{"start":{"line":209,"column":2},"end":{"line":230,"column":5}},"76":{"start":{"line":214,"column":4},"end":{"line":226,"column":5}},"77":{"start":{"line":215,"column":6},"end":{"line":225,"column":9}},"78":{"start":{"line":220,"column":8},"end":{"line":224,"column":9}},"79":{"start":{"line":221,"column":10},"end":{"line":223,"column":13}},"80":{"start":{"line":227,"column":4},"end":{"line":229,"column":7}},"81":{"start":{"line":241,"column":19},"end":{"line":275,"column":1}},"82":{"start":{"line":242,"column":2},"end":{"line":246,"column":3}},"83":{"start":{"line":243,"column":4},"end":{"line":245,"column":7}},"84":{"start":{"line":247,"column":18},"end":{"line":247,"column":64}},"85":{"start":{"line":248,"column":15},"end":{"line":258,"column":3}},"86":{"start":{"line":260,"column":2},"end":{"line":274,"column":5}},"87":{"start":{"line":265,"column":4},"end":{"line":270,"column":5}},"88":{"start":{"line":266,"column":6},"end":{"line":269,"column":9}},"89":{"start":{"line":271,"column":4},"end":{"line":273,"column":7}},"90":{"start":{"line":285,"column":19},"end":{"line":325,"column":1}},"91":{"start":{"line":286,"column":2},"end":{"line":291,"column":3}},"92":{"start":{"line":288,"column":4},"end":{"line":290,"column":7}},"93":{"start":{"line":292,"column":18},"end":{"line":292,"column":64}},"94":{"start":{"line":293,"column":2},"end":{"line":324,"column":5}},"95":{"start":{"line":294,"column":20},"end":{"line":294,"column":43}},"96":{"start":{"line":295,"column":19},"end":{"line":295,"column":56}},"97":{"start":{"line":296,"column":4},"end":{"line":323,"column":5}},"98":{"start":{"line":297,"column":19},"end":{"line":307,"column":7}},"99":{"start":{"line":308,"column":6},"end":{"line":322,"column":9}},"100":{"start":{"line":313,"column":8},"end":{"line":318,"column":9}},"101":{"start":{"line":314,"column":10},"end":{"line":317,"column":13}},"102":{"start":{"line":319,"column":8},"end":{"line":321,"column":11}},"103":{"start":{"line":335,"column":20},"end":{"line":353,"column":1}},"104":{"start":{"line":336,"column":2},"end":{"line":341,"column":3}},"105":{"start":{"line":338,"column":4},"end":{"line":340,"column":7}},"106":{"start":{"line":342,"column":2},"end":{"line":352,"column":5}},"107":{"start":{"line":343,"column":4},"end":{"line":348,"column":5}},"108":{"start":{"line":344,"column":6},"end":{"line":347,"column":9}},"109":{"start":{"line":349,"column":4},"end":{"line":351,"column":7}},"110":{"start":{"line":363,"column":23},"end":{"line":382,"column":1}},"111":{"start":{"line":364,"column":2},"end":{"line":381,"column":5}},"112":{"start":{"line":369,"column":4},"end":{"line":375,"column":5}},"113":{"start":{"line":370,"column":6},"end":{"line":374,"column":9}},"114":{"start":{"line":376,"column":4},"end":{"line":380,"column":7}},"115":{"start":{"line":384,"column":25},"end":{"line":394,"column":1}},"116":{"start":{"line":396,"column":0},"end":{"line":396,"column":37}}},"fnMap":{"0":{"name":"_interopRequireDefault","decl":{"start":{"line":11,"column":9},"end":{"line":11,"column":31}},"loc":{"start":{"line":11,"column":37},"end":{"line":11,"column":95}},"line":11},"1":{"name":"createCenters","decl":{"start":{"line":30,"column":29},"end":{"line":30,"column":42}},"loc":{"start":{"line":30,"column":53},"end":{"line":87,"column":1}},"line":30},"2":{"name":"(anonymous_2)","decl":{"start":{"line":42,"column":40},"end":{"line":42,"column":41}},"loc":{"start":{"line":42,"column":57},"end":{"line":86,"column":3}},"line":42},"3":{"name":"(anonymous_3)","decl":{"start":{"line":56,"column":37},"end":{"line":56,"column":38}},"loc":{"start":{"line":56,"column":55},"end":{"line":84,"column":7}},"line":56},"4":{"name":"(anonymous_4)","decl":{"start":{"line":58,"column":38},"end":{"line":58,"column":39}},"loc":{"start":{"line":58,"column":51},"end":{"line":60,"column":11}},"line":58},"5":{"name":"(anonymous_5)","decl":{"start":{"line":69,"column":16},"end":{"line":69,"column":17}},"loc":{"start":{"line":69,"column":32},"end":{"line":83,"column":9}},"line":69},"6":{"name":"(anonymous_6)","decl":{"start":{"line":75,"column":61},"end":{"line":75,"column":62}},"loc":{"start":{"line":75,"column":74},"end":{"line":82,"column":11}},"line":75},"7":{"name":"centerCreate","decl":{"start":{"line":97,"column":28},"end":{"line":97,"column":40}},"loc":{"start":{"line":97,"column":51},"end":{"line":147,"column":1}},"line":97},"8":{"name":"(anonymous_8)","decl":{"start":{"line":118,"column":33},"end":{"line":118,"column":34}},"loc":{"start":{"line":118,"column":51},"end":{"line":146,"column":3}},"line":118},"9":{"name":"(anonymous_9)","decl":{"start":{"line":120,"column":34},"end":{"line":120,"column":35}},"loc":{"start":{"line":120,"column":47},"end":{"line":122,"column":7}},"line":120},"10":{"name":"(anonymous_10)","decl":{"start":{"line":131,"column":12},"end":{"line":131,"column":13}},"loc":{"start":{"line":131,"column":28},"end":{"line":145,"column":5}},"line":131},"11":{"name":"(anonymous_11)","decl":{"start":{"line":137,"column":57},"end":{"line":137,"column":58}},"loc":{"start":{"line":137,"column":70},"end":{"line":144,"column":7}},"line":137},"12":{"name":"getAllCenters","decl":{"start":{"line":157,"column":29},"end":{"line":157,"column":42}},"loc":{"start":{"line":157,"column":53},"end":{"line":168,"column":1}},"line":157},"13":{"name":"(anonymous_13)","decl":{"start":{"line":158,"column":41},"end":{"line":158,"column":42}},"loc":{"start":{"line":158,"column":60},"end":{"line":167,"column":3}},"line":158},"14":{"name":"getCenterPerPage","decl":{"start":{"line":179,"column":32},"end":{"line":179,"column":48}},"loc":{"start":{"line":179,"column":59},"end":{"line":206,"column":1}},"line":179},"15":{"name":"(anonymous_15)","decl":{"start":{"line":182,"column":49},"end":{"line":182,"column":50}},"loc":{"start":{"line":182,"column":65},"end":{"line":205,"column":3}},"line":182},"16":{"name":"(anonymous_16)","decl":{"start":{"line":198,"column":12},"end":{"line":198,"column":13}},"loc":{"start":{"line":198,"column":31},"end":{"line":204,"column":5}},"line":198},"17":{"name":"deleteCenter","decl":{"start":{"line":208,"column":28},"end":{"line":208,"column":40}},"loc":{"start":{"line":208,"column":51},"end":{"line":231,"column":1}},"line":208},"18":{"name":"(anonymous_18)","decl":{"start":{"line":213,"column":10},"end":{"line":213,"column":11}},"loc":{"start":{"line":213,"column":28},"end":{"line":230,"column":3}},"line":213},"19":{"name":"(anonymous_19)","decl":{"start":{"line":219,"column":14},"end":{"line":219,"column":15}},"loc":{"start":{"line":219,"column":31},"end":{"line":225,"column":7}},"line":219},"20":{"name":"centerUpdate","decl":{"start":{"line":241,"column":28},"end":{"line":241,"column":40}},"loc":{"start":{"line":241,"column":51},"end":{"line":275,"column":1}},"line":241},"21":{"name":"(anonymous_21)","decl":{"start":{"line":264,"column":10},"end":{"line":264,"column":11}},"loc":{"start":{"line":264,"column":23},"end":{"line":274,"column":3}},"line":264},"22":{"name":"updateCenter","decl":{"start":{"line":285,"column":28},"end":{"line":285,"column":40}},"loc":{"start":{"line":285,"column":51},"end":{"line":325,"column":1}},"line":285},"23":{"name":"(anonymous_23)","decl":{"start":{"line":293,"column":40},"end":{"line":293,"column":41}},"loc":{"start":{"line":293,"column":57},"end":{"line":324,"column":3}},"line":293},"24":{"name":"(anonymous_24)","decl":{"start":{"line":312,"column":14},"end":{"line":312,"column":15}},"loc":{"start":{"line":312,"column":27},"end":{"line":322,"column":7}},"line":312},"25":{"name":"getCenterById","decl":{"start":{"line":335,"column":29},"end":{"line":335,"column":42}},"loc":{"start":{"line":335,"column":53},"end":{"line":353,"column":1}},"line":335},"26":{"name":"(anonymous_26)","decl":{"start":{"line":342,"column":76},"end":{"line":342,"column":77}},"loc":{"start":{"line":342,"column":94},"end":{"line":352,"column":3}},"line":342},"27":{"name":"getCentersEvents","decl":{"start":{"line":363,"column":32},"end":{"line":363,"column":48}},"loc":{"start":{"line":363,"column":59},"end":{"line":382,"column":1}},"line":363},"28":{"name":"(anonymous_28)","decl":{"start":{"line":368,"column":10},"end":{"line":368,"column":11}},"loc":{"start":{"line":368,"column":35},"end":{"line":381,"column":3}},"line":368}},"branchMap":{"0":{"loc":{"start":{"line":11,"column":46},"end":{"line":11,"column":92}},"type":"cond-expr","locations":[{"start":{"line":11,"column":70},"end":{"line":11,"column":73}},{"start":{"line":11,"column":76},"end":{"line":11,"column":92}}],"line":11},"1":{"loc":{"start":{"line":11,"column":46},"end":{"line":11,"column":67}},"type":"binary-expr","locations":[{"start":{"line":11,"column":46},"end":{"line":11,"column":49}},{"start":{"line":11,"column":53},"end":{"line":11,"column":67}}],"line":11},"2":{"loc":{"start":{"line":41,"column":18},"end":{"line":41,"column":64}},"type":"cond-expr","locations":[{"start":{"line":41,"column":29},"end":{"line":41,"column":42}},{"start":{"line":41,"column":45},"end":{"line":41,"column":64}}],"line":41},"3":{"loc":{"start":{"line":45,"column":4},"end":{"line":85,"column":5}},"type":"if","locations":[{"start":{"line":45,"column":4},"end":{"line":85,"column":5}},{"start":{"line":45,"column":4},"end":{"line":85,"column":5}}],"line":45},"4":{"loc":{"start":{"line":57,"column":8},"end":{"line":64,"column":9}},"type":"if","locations":[{"start":{"line":57,"column":8},"end":{"line":64,"column":9}},{"start":{"line":57,"column":8},"end":{"line":64,"column":9}}],"line":57},"5":{"loc":{"start":{"line":70,"column":10},"end":{"line":74,"column":11}},"type":"if","locations":[{"start":{"line":70,"column":10},"end":{"line":74,"column":11}},{"start":{"line":70,"column":10},"end":{"line":74,"column":11}}],"line":70},"6":{"loc":{"start":{"line":76,"column":12},"end":{"line":81,"column":13}},"type":"if","locations":[{"start":{"line":76,"column":12},"end":{"line":81,"column":13}},{"start":{"line":76,"column":12},"end":{"line":81,"column":13}}],"line":76},"7":{"loc":{"start":{"line":119,"column":4},"end":{"line":126,"column":5}},"type":"if","locations":[{"start":{"line":119,"column":4},"end":{"line":126,"column":5}},{"start":{"line":119,"column":4},"end":{"line":126,"column":5}}],"line":119},"8":{"loc":{"start":{"line":132,"column":6},"end":{"line":136,"column":7}},"type":"if","locations":[{"start":{"line":132,"column":6},"end":{"line":136,"column":7}},{"start":{"line":132,"column":6},"end":{"line":136,"column":7}}],"line":132},"9":{"loc":{"start":{"line":138,"column":8},"end":{"line":143,"column":9}},"type":"if","locations":[{"start":{"line":138,"column":8},"end":{"line":143,"column":9}},{"start":{"line":138,"column":8},"end":{"line":143,"column":9}}],"line":138},"10":{"loc":{"start":{"line":159,"column":4},"end":{"line":163,"column":5}},"type":"if","locations":[{"start":{"line":159,"column":4},"end":{"line":163,"column":5}},{"start":{"line":159,"column":4},"end":{"line":163,"column":5}}],"line":159},"11":{"loc":{"start":{"line":188,"column":4},"end":{"line":192,"column":5}},"type":"if","locations":[{"start":{"line":188,"column":4},"end":{"line":192,"column":5}},{"start":{"line":188,"column":4},"end":{"line":192,"column":5}}],"line":188},"12":{"loc":{"start":{"line":188,"column":8},"end":{"line":188,"column":53}},"type":"binary-expr","locations":[{"start":{"line":188,"column":8},"end":{"line":188,"column":17}},{"start":{"line":188,"column":21},"end":{"line":188,"column":44}},{"start":{"line":188,"column":48},"end":{"line":188,"column":53}}],"line":188},"13":{"loc":{"start":{"line":214,"column":4},"end":{"line":226,"column":5}},"type":"if","locations":[{"start":{"line":214,"column":4},"end":{"line":226,"column":5}},{"start":{"line":214,"column":4},"end":{"line":226,"column":5}}],"line":214},"14":{"loc":{"start":{"line":220,"column":8},"end":{"line":224,"column":9}},"type":"if","locations":[{"start":{"line":220,"column":8},"end":{"line":224,"column":9}},{"start":{"line":220,"column":8},"end":{"line":224,"column":9}}],"line":220},"15":{"loc":{"start":{"line":242,"column":2},"end":{"line":246,"column":3}},"type":"if","locations":[{"start":{"line":242,"column":2},"end":{"line":246,"column":3}},{"start":{"line":242,"column":2},"end":{"line":246,"column":3}}],"line":242},"16":{"loc":{"start":{"line":247,"column":18},"end":{"line":247,"column":64}},"type":"cond-expr","locations":[{"start":{"line":247,"column":29},"end":{"line":247,"column":42}},{"start":{"line":247,"column":45},"end":{"line":247,"column":64}}],"line":247},"17":{"loc":{"start":{"line":265,"column":4},"end":{"line":270,"column":5}},"type":"if","locations":[{"start":{"line":265,"column":4},"end":{"line":270,"column":5}},{"start":{"line":265,"column":4},"end":{"line":270,"column":5}}],"line":265},"18":{"loc":{"start":{"line":286,"column":2},"end":{"line":291,"column":3}},"type":"if","locations":[{"start":{"line":286,"column":2},"end":{"line":291,"column":3}},{"start":{"line":286,"column":2},"end":{"line":291,"column":3}}],"line":286},"19":{"loc":{"start":{"line":286,"column":6},"end":{"line":286,"column":57}},"type":"binary-expr","locations":[{"start":{"line":286,"column":6},"end":{"line":286,"column":33}},{"start":{"line":286,"column":37},"end":{"line":286,"column":57}}],"line":286},"20":{"loc":{"start":{"line":292,"column":18},"end":{"line":292,"column":64}},"type":"cond-expr","locations":[{"start":{"line":292,"column":29},"end":{"line":292,"column":42}},{"start":{"line":292,"column":45},"end":{"line":292,"column":64}}],"line":292},"21":{"loc":{"start":{"line":295,"column":19},"end":{"line":295,"column":56}},"type":"binary-expr","locations":[{"start":{"line":295,"column":19},"end":{"line":295,"column":35}},{"start":{"line":295,"column":39},"end":{"line":295,"column":56}}],"line":295},"22":{"loc":{"start":{"line":296,"column":4},"end":{"line":323,"column":5}},"type":"if","locations":[{"start":{"line":296,"column":4},"end":{"line":323,"column":5}},{"start":{"line":296,"column":4},"end":{"line":323,"column":5}}],"line":296},"23":{"loc":{"start":{"line":313,"column":8},"end":{"line":318,"column":9}},"type":"if","locations":[{"start":{"line":313,"column":8},"end":{"line":318,"column":9}},{"start":{"line":313,"column":8},"end":{"line":318,"column":9}}],"line":313},"24":{"loc":{"start":{"line":336,"column":2},"end":{"line":341,"column":3}},"type":"if","locations":[{"start":{"line":336,"column":2},"end":{"line":341,"column":3}},{"start":{"line":336,"column":2},"end":{"line":341,"column":3}}],"line":336},"25":{"loc":{"start":{"line":336,"column":6},"end":{"line":336,"column":57}},"type":"binary-expr","locations":[{"start":{"line":336,"column":6},"end":{"line":336,"column":33}},{"start":{"line":336,"column":37},"end":{"line":336,"column":57}}],"line":336},"26":{"loc":{"start":{"line":343,"column":4},"end":{"line":348,"column":5}},"type":"if","locations":[{"start":{"line":343,"column":4},"end":{"line":348,"column":5}},{"start":{"line":343,"column":4},"end":{"line":348,"column":5}}],"line":343},"27":{"loc":{"start":{"line":369,"column":4},"end":{"line":375,"column":5}},"type":"if","locations":[{"start":{"line":369,"column":4},"end":{"line":375,"column":5}},{"start":{"line":369,"column":4},"end":{"line":375,"column":5}}],"line":369}},"s":{"0":1,"1":1,"2":1,"3":1,"4":1,"5":1,"6":1,"7":1,"8":0,"9":0,"10":0,"11":0,"12":0,"13":0,"14":0,"15":0,"16":0,"17":0,"18":0,"19":0,"20":0,"21":0,"22":0,"23":0,"24":0,"25":0,"26":0,"27":0,"28":0,"29":0,"30":0,"31":0,"32":0,"33":0,"34":1,"35":8,"36":8,"37":8,"38":8,"39":8,"40":8,"41":8,"42":8,"43":8,"44":8,"45":8,"46":8,"47":6,"48":6,"49":6,"50":2,"51":2,"52":1,"53":1,"54":1,"55":1,"56":1,"57":2,"58":2,"59":2,"60":0,"61":1,"62":2,"63":2,"64":2,"65":2,"66":2,"67":2,"68":2,"69":2,"70":1,"71":1,"72":1,"73":1,"74":1,"75":2,"76":2,"77":1,"78":1,"79":1,"80":1,"81":1,"82":2,"83":0,"84":2,"85":2,"86":2,"87":2,"88":1,"89":1,"90":1,"91":1,"92":1,"93":0,"94":0,"95":0,"96":0,"97":0,"98":0,"99":0,"100":0,"101":0,"102":0,"103":1,"104":3,"105":0,"106":3,"107":3,"108":2,"109":1,"110":1,"111":2,"112":2,"113":1,"114":1,"115":1,"116":1},"f":{"0":1,"1":0,"2":0,"3":0,"4":0,"5":0,"6":0,"7":8,"8":8,"9":6,"10":2,"11":1,"12":2,"13":2,"14":2,"15":2,"16":1,"17":2,"18":2,"19":1,"20":2,"21":2,"22":1,"23":0,"24":0,"25":3,"26":3,"27":2,"28":2},"b":{"0":[0,1],"1":[1,1],"2":[0,0],"3":[0,0],"4":[0,0],"5":[0,0],"6":[0,0],"7":[6,2],"8":[1,1],"9":[1,0],"10":[2,0],"11":[1,1],"12":[2,1,1],"13":[1,1],"14":[1,0],"15":[0,2],"16":[0,2],"17":[1,1],"18":[1,0],"19":[1,1],"20":[0,0],"21":[0,0],"22":[0,0],"23":[0,0],"24":[0,3],"25":[3,3],"26":[2,1],"27":[1,1]},"_coverageSchema":"332fd63041d2c1bcb487cc26dd0d5f7d97098a6c","hash":"a159d836dec6b4afd6cc593cafc779963e613187","contentHash":"ca8cd8804c583bf2dc85d544688ca5aa_11.4.1"}
,"/Users/andeladeveloper/Documents/andela_projects/eventcity/server/dist/controllers/eventControllers.js": {"path":"/Users/andeladeveloper/Documents/andela_projects/eventcity/server/dist/controllers/eventControllers.js","statementMap":{"0":{"start":{"line":3,"column":0},"end":{"line":5,"column":3}},"1":{"start":{"line":7,"column":14},"end":{"line":7,"column":34}},"2":{"start":{"line":9,"column":15},"end":{"line":9,"column":46}},"3":{"start":{"line":11,"column":39},"end":{"line":11,"column":93}},"4":{"start":{"line":21,"column":18},"end":{"line":70,"column":1}},"5":{"start":{"line":22,"column":2},"end":{"line":22,"column":61}},"6":{"start":{"line":23,"column":2},"end":{"line":23,"column":61}},"7":{"start":{"line":24,"column":2},"end":{"line":24,"column":63}},"8":{"start":{"line":25,"column":2},"end":{"line":25,"column":66}},"9":{"start":{"line":26,"column":2},"end":{"line":26,"column":72}},"10":{"start":{"line":27,"column":2},"end":{"line":27,"column":76}},"11":{"start":{"line":29,"column":15},"end":{"line":29,"column":17}},"12":{"start":{"line":30,"column":14},"end":{"line":37,"column":3}},"13":{"start":{"line":39,"column":2},"end":{"line":69,"column":5}},"14":{"start":{"line":40,"column":4},"end":{"line":68,"column":5}},"15":{"start":{"line":41,"column":6},"end":{"line":43,"column":9}},"16":{"start":{"line":42,"column":8},"end":{"line":42,"column":21}},"17":{"start":{"line":44,"column":6},"end":{"line":46,"column":9}},"18":{"start":{"line":48,"column":6},"end":{"line":67,"column":9}},"19":{"start":{"line":54,"column":8},"end":{"line":58,"column":9}},"20":{"start":{"line":55,"column":10},"end":{"line":57,"column":13}},"21":{"start":{"line":59,"column":8},"end":{"line":66,"column":11}},"22":{"start":{"line":60,"column":10},"end":{"line":65,"column":11}},"23":{"start":{"line":61,"column":12},"end":{"line":64,"column":15}},"24":{"start":{"line":80,"column":20},"end":{"line":92,"column":1}},"25":{"start":{"line":81,"column":2},"end":{"line":91,"column":5}},"26":{"start":{"line":82,"column":4},"end":{"line":87,"column":5}},"27":{"start":{"line":83,"column":6},"end":{"line":86,"column":9}},"28":{"start":{"line":88,"column":4},"end":{"line":90,"column":7}},"29":{"start":{"line":102,"column":19},"end":{"line":113,"column":1}},"30":{"start":{"line":103,"column":2},"end":{"line":112,"column":5}},"31":{"start":{"line":104,"column":4},"end":{"line":108,"column":5}},"32":{"start":{"line":105,"column":6},"end":{"line":107,"column":9}},"33":{"start":{"line":109,"column":4},"end":{"line":111,"column":7}},"34":{"start":{"line":124,"column":22},"end":{"line":149,"column":1}},"35":{"start":{"line":125,"column":14},"end":{"line":125,"column":15}},"36":{"start":{"line":126,"column":15},"end":{"line":126,"column":16}},"37":{"start":{"line":127,"column":2},"end":{"line":148,"column":5}},"38":{"start":{"line":128,"column":15},"end":{"line":128,"column":30}},"39":{"start":{"line":130,"column":16},"end":{"line":130,"column":38}},"40":{"start":{"line":131,"column":4},"end":{"line":131,"column":30}},"41":{"start":{"line":132,"column":16},"end":{"line":132,"column":45}},"42":{"start":{"line":133,"column":4},"end":{"line":137,"column":5}},"43":{"start":{"line":134,"column":6},"end":{"line":136,"column":9}},"44":{"start":{"line":138,"column":4},"end":{"line":138,"column":32}},"45":{"start":{"line":139,"column":4},"end":{"line":147,"column":7}},"46":{"start":{"line":142,"column":6},"end":{"line":146,"column":9}},"47":{"start":{"line":159,"column":22},"end":{"line":214,"column":1}},"48":{"start":{"line":160,"column":2},"end":{"line":160,"column":61}},"49":{"start":{"line":161,"column":2},"end":{"line":161,"column":61}},"50":{"start":{"line":162,"column":2},"end":{"line":162,"column":63}},"51":{"start":{"line":163,"column":2},"end":{"line":163,"column":66}},"52":{"start":{"line":164,"column":2},"end":{"line":164,"column":49}},"53":{"start":{"line":165,"column":2},"end":{"line":165,"column":53}},"54":{"start":{"line":166,"column":2},"end":{"line":166,"column":59}},"55":{"start":{"line":168,"column":15},"end":{"line":168,"column":17}},"56":{"start":{"line":169,"column":14},"end":{"line":176,"column":3}},"57":{"start":{"line":178,"column":2},"end":{"line":213,"column":5}},"58":{"start":{"line":179,"column":4},"end":{"line":186,"column":5}},"59":{"start":{"line":180,"column":6},"end":{"line":182,"column":9}},"60":{"start":{"line":181,"column":8},"end":{"line":181,"column":21}},"61":{"start":{"line":183,"column":6},"end":{"line":185,"column":9}},"62":{"start":{"line":187,"column":4},"end":{"line":212,"column":7}},"63":{"start":{"line":188,"column":6},"end":{"line":208,"column":7}},"64":{"start":{"line":189,"column":8},"end":{"line":207,"column":11}},"65":{"start":{"line":195,"column":10},"end":{"line":199,"column":11}},"66":{"start":{"line":196,"column":12},"end":{"line":198,"column":15}},"67":{"start":{"line":200,"column":10},"end":{"line":206,"column":13}},"68":{"start":{"line":205,"column":12},"end":{"line":205,"column":113}},"69":{"start":{"line":209,"column":6},"end":{"line":211,"column":9}},"70":{"start":{"line":224,"column":22},"end":{"line":240,"column":1}},"71":{"start":{"line":225,"column":2},"end":{"line":230,"column":3}},"72":{"start":{"line":227,"column":4},"end":{"line":229,"column":7}},"73":{"start":{"line":231,"column":2},"end":{"line":239,"column":5}},"74":{"start":{"line":236,"column":4},"end":{"line":238,"column":7}},"75":{"start":{"line":242,"column":23},"end":{"line":249,"column":1}},"76":{"start":{"line":251,"column":0},"end":{"line":251,"column":35}}},"fnMap":{"0":{"name":"_interopRequireDefault","decl":{"start":{"line":11,"column":9},"end":{"line":11,"column":31}},"loc":{"start":{"line":11,"column":37},"end":{"line":11,"column":95}},"line":11},"1":{"name":"createEvent","decl":{"start":{"line":21,"column":27},"end":{"line":21,"column":38}},"loc":{"start":{"line":21,"column":49},"end":{"line":70,"column":1}},"line":21},"2":{"name":"(anonymous_2)","decl":{"start":{"line":39,"column":33},"end":{"line":39,"column":34}},"loc":{"start":{"line":39,"column":51},"end":{"line":69,"column":3}},"line":39},"3":{"name":"(anonymous_3)","decl":{"start":{"line":41,"column":34},"end":{"line":41,"column":35}},"loc":{"start":{"line":41,"column":47},"end":{"line":43,"column":7}},"line":41},"4":{"name":"(anonymous_4)","decl":{"start":{"line":53,"column":14},"end":{"line":53,"column":15}},"loc":{"start":{"line":53,"column":27},"end":{"line":67,"column":7}},"line":53},"5":{"name":"(anonymous_5)","decl":{"start":{"line":59,"column":57},"end":{"line":59,"column":58}},"loc":{"start":{"line":59,"column":77},"end":{"line":66,"column":9}},"line":59},"6":{"name":"getEventsById","decl":{"start":{"line":80,"column":29},"end":{"line":80,"column":42}},"loc":{"start":{"line":80,"column":53},"end":{"line":92,"column":1}},"line":80},"7":{"name":"(anonymous_7)","decl":{"start":{"line":81,"column":75},"end":{"line":81,"column":76}},"loc":{"start":{"line":81,"column":92},"end":{"line":91,"column":3}},"line":81},"8":{"name":"getAllEvents","decl":{"start":{"line":102,"column":28},"end":{"line":102,"column":40}},"loc":{"start":{"line":102,"column":51},"end":{"line":113,"column":1}},"line":102},"9":{"name":"(anonymous_9)","decl":{"start":{"line":103,"column":47},"end":{"line":103,"column":48}},"loc":{"start":{"line":103,"column":64},"end":{"line":112,"column":3}},"line":103},"10":{"name":"getEventPerPage","decl":{"start":{"line":124,"column":31},"end":{"line":124,"column":46}},"loc":{"start":{"line":124,"column":57},"end":{"line":149,"column":1}},"line":124},"11":{"name":"(anonymous_11)","decl":{"start":{"line":127,"column":55},"end":{"line":127,"column":56}},"loc":{"start":{"line":127,"column":71},"end":{"line":148,"column":3}},"line":127},"12":{"name":"(anonymous_12)","decl":{"start":{"line":141,"column":12},"end":{"line":141,"column":13}},"loc":{"start":{"line":141,"column":30},"end":{"line":147,"column":5}},"line":141},"13":{"name":"updateEventById","decl":{"start":{"line":159,"column":31},"end":{"line":159,"column":46}},"loc":{"start":{"line":159,"column":57},"end":{"line":214,"column":1}},"line":159},"14":{"name":"(anonymous_14)","decl":{"start":{"line":178,"column":33},"end":{"line":178,"column":34}},"loc":{"start":{"line":178,"column":51},"end":{"line":213,"column":3}},"line":178},"15":{"name":"(anonymous_15)","decl":{"start":{"line":180,"column":34},"end":{"line":180,"column":35}},"loc":{"start":{"line":180,"column":47},"end":{"line":182,"column":7}},"line":180},"16":{"name":"(anonymous_16)","decl":{"start":{"line":187,"column":63},"end":{"line":187,"column":64}},"loc":{"start":{"line":187,"column":81},"end":{"line":212,"column":5}},"line":187},"17":{"name":"(anonymous_17)","decl":{"start":{"line":194,"column":16},"end":{"line":194,"column":17}},"loc":{"start":{"line":194,"column":29},"end":{"line":207,"column":9}},"line":194},"18":{"name":"(anonymous_18)","decl":{"start":{"line":204,"column":18},"end":{"line":204,"column":19}},"loc":{"start":{"line":204,"column":37},"end":{"line":206,"column":11}},"line":204},"19":{"name":"deleteEventById","decl":{"start":{"line":224,"column":31},"end":{"line":224,"column":46}},"loc":{"start":{"line":224,"column":57},"end":{"line":240,"column":1}},"line":224},"20":{"name":"(anonymous_20)","decl":{"start":{"line":235,"column":10},"end":{"line":235,"column":11}},"loc":{"start":{"line":235,"column":27},"end":{"line":239,"column":3}},"line":235}},"branchMap":{"0":{"loc":{"start":{"line":11,"column":46},"end":{"line":11,"column":92}},"type":"cond-expr","locations":[{"start":{"line":11,"column":70},"end":{"line":11,"column":73}},{"start":{"line":11,"column":76},"end":{"line":11,"column":92}}],"line":11},"1":{"loc":{"start":{"line":11,"column":46},"end":{"line":11,"column":67}},"type":"binary-expr","locations":[{"start":{"line":11,"column":46},"end":{"line":11,"column":49}},{"start":{"line":11,"column":53},"end":{"line":11,"column":67}}],"line":11},"2":{"loc":{"start":{"line":40,"column":4},"end":{"line":68,"column":5}},"type":"if","locations":[{"start":{"line":40,"column":4},"end":{"line":68,"column":5}},{"start":{"line":40,"column":4},"end":{"line":68,"column":5}}],"line":40},"3":{"loc":{"start":{"line":54,"column":8},"end":{"line":58,"column":9}},"type":"if","locations":[{"start":{"line":54,"column":8},"end":{"line":58,"column":9}},{"start":{"line":54,"column":8},"end":{"line":58,"column":9}}],"line":54},"4":{"loc":{"start":{"line":60,"column":10},"end":{"line":65,"column":11}},"type":"if","locations":[{"start":{"line":60,"column":10},"end":{"line":65,"column":11}},{"start":{"line":60,"column":10},"end":{"line":65,"column":11}}],"line":60},"5":{"loc":{"start":{"line":82,"column":4},"end":{"line":87,"column":5}},"type":"if","locations":[{"start":{"line":82,"column":4},"end":{"line":87,"column":5}},{"start":{"line":82,"column":4},"end":{"line":87,"column":5}}],"line":82},"6":{"loc":{"start":{"line":104,"column":4},"end":{"line":108,"column":5}},"type":"if","locations":[{"start":{"line":104,"column":4},"end":{"line":108,"column":5}},{"start":{"line":104,"column":4},"end":{"line":108,"column":5}}],"line":104},"7":{"loc":{"start":{"line":133,"column":4},"end":{"line":137,"column":5}},"type":"if","locations":[{"start":{"line":133,"column":4},"end":{"line":137,"column":5}},{"start":{"line":133,"column":4},"end":{"line":137,"column":5}}],"line":133},"8":{"loc":{"start":{"line":133,"column":8},"end":{"line":133,"column":53}},"type":"binary-expr","locations":[{"start":{"line":133,"column":8},"end":{"line":133,"column":17}},{"start":{"line":133,"column":21},"end":{"line":133,"column":44}},{"start":{"line":133,"column":48},"end":{"line":133,"column":53}}],"line":133},"9":{"loc":{"start":{"line":179,"column":4},"end":{"line":186,"column":5}},"type":"if","locations":[{"start":{"line":179,"column":4},"end":{"line":186,"column":5}},{"start":{"line":179,"column":4},"end":{"line":186,"column":5}}],"line":179},"10":{"loc":{"start":{"line":188,"column":6},"end":{"line":208,"column":7}},"type":"if","locations":[{"start":{"line":188,"column":6},"end":{"line":208,"column":7}},{"start":{"line":188,"column":6},"end":{"line":208,"column":7}}],"line":188},"11":{"loc":{"start":{"line":195,"column":10},"end":{"line":199,"column":11}},"type":"if","locations":[{"start":{"line":195,"column":10},"end":{"line":199,"column":11}},{"start":{"line":195,"column":10},"end":{"line":199,"column":11}}],"line":195},"12":{"loc":{"start":{"line":225,"column":2},"end":{"line":230,"column":3}},"type":"if","locations":[{"start":{"line":225,"column":2},"end":{"line":230,"column":3}},{"start":{"line":225,"column":2},"end":{"line":230,"column":3}}],"line":225}},"s":{"0":1,"1":1,"2":1,"3":1,"4":1,"5":8,"6":8,"7":8,"8":8,"9":8,"10":8,"11":8,"12":8,"13":8,"14":8,"15":6,"16":6,"17":6,"18":2,"19":2,"20":1,"21":1,"22":1,"23":1,"24":1,"25":2,"26":2,"27":1,"28":1,"29":1,"30":1,"31":1,"32":1,"33":0,"34":1,"35":2,"36":2,"37":2,"38":2,"39":2,"40":2,"41":2,"42":2,"43":1,"44":1,"45":1,"46":1,"47":1,"48":3,"49":3,"50":3,"51":3,"52":3,"53":3,"54":3,"55":3,"56":3,"57":3,"58":3,"59":0,"60":0,"61":0,"62":3,"63":3,"64":2,"65":2,"66":1,"67":1,"68":1,"69":1,"70":1,"71":2,"72":1,"73":1,"74":1,"75":1,"76":1},"f":{"0":1,"1":8,"2":8,"3":6,"4":2,"5":1,"6":2,"7":2,"8":1,"9":1,"10":2,"11":2,"12":1,"13":3,"14":3,"15":0,"16":3,"17":2,"18":1,"19":2,"20":1},"b":{"0":[0,1],"1":[1,1],"2":[6,2],"3":[1,1],"4":[1,0],"5":[1,1],"6":[1,0],"7":[1,1],"8":[2,2,1],"9":[0,3],"10":[2,1],"11":[1,1],"12":[1,1]},"_coverageSchema":"332fd63041d2c1bcb487cc26dd0d5f7d97098a6c","hash":"118b8e950c0e12c314be9a3c79a9c47a4a4998ce","contentHash":"407e9c746ede22bd10c25e599ec6d70d_11.4.1"}
,"/Users/andeladeveloper/Documents/andela_projects/eventcity/server/dist/controllers/usersControllers.js": {"path":"/Users/andeladeveloper/Documents/andela_projects/eventcity/server/dist/controllers/usersControllers.js","statementMap":{"0":{"start":{"line":3,"column":12},"end":{"line":3,"column":27}},"1":{"start":{"line":5,"column":14},"end":{"line":5,"column":34}},"2":{"start":{"line":7,"column":15},"end":{"line":7,"column":46}},"3":{"start":{"line":9,"column":39},"end":{"line":9,"column":93}},"4":{"start":{"line":11,"column":44},"end":{"line":11,"column":195}},"5":{"start":{"line":11,"column":62},"end":{"line":11,"column":166}},"6":{"start":{"line":11,"column":176},"end":{"line":11,"column":193}},"7":{"start":{"line":11,"column":196},"end":{"line":11,"column":207}},"8":{"start":{"line":16,"column":0},"end":{"line":16,"column":27}},"9":{"start":{"line":17,"column":13},"end":{"line":17,"column":37}},"10":{"start":{"line":18,"column":10},"end":{"line":18,"column":33}},"11":{"start":{"line":19,"column":16},"end":{"line":19,"column":37}},"12":{"start":{"line":21,"column":16},"end":{"line":21,"column":36}},"13":{"start":{"line":23,"column":9},"end":{"line":23,"column":21}},"14":{"start":{"line":26,"column":20},"end":{"line":29,"column":1}},"15":{"start":{"line":27,"column":18},"end":{"line":27,"column":38}},"16":{"start":{"line":28,"column":2},"end":{"line":28,"column":86}},"17":{"start":{"line":39,"column":18},"end":{"line":52,"column":1}},"18":{"start":{"line":40,"column":2},"end":{"line":51,"column":5}},"19":{"start":{"line":43,"column":4},"end":{"line":47,"column":5}},"20":{"start":{"line":44,"column":6},"end":{"line":46,"column":9}},"21":{"start":{"line":48,"column":4},"end":{"line":50,"column":7}},"22":{"start":{"line":63,"column":22},"end":{"line":88,"column":1}},"23":{"start":{"line":64,"column":14},"end":{"line":64,"column":15}},"24":{"start":{"line":65,"column":15},"end":{"line":65,"column":16}},"25":{"start":{"line":66,"column":2},"end":{"line":87,"column":5}},"26":{"start":{"line":67,"column":15},"end":{"line":67,"column":30}},"27":{"start":{"line":69,"column":16},"end":{"line":69,"column":38}},"28":{"start":{"line":70,"column":4},"end":{"line":70,"column":30}},"29":{"start":{"line":71,"column":16},"end":{"line":71,"column":45}},"30":{"start":{"line":72,"column":4},"end":{"line":76,"column":5}},"31":{"start":{"line":73,"column":6},"end":{"line":75,"column":9}},"32":{"start":{"line":77,"column":4},"end":{"line":77,"column":32}},"33":{"start":{"line":78,"column":4},"end":{"line":86,"column":7}},"34":{"start":{"line":81,"column":6},"end":{"line":85,"column":9}},"35":{"start":{"line":99,"column":17},"end":{"line":169,"column":1}},"36":{"start":{"line":100,"column":18},"end":{"line":100,"column":22}},"37":{"start":{"line":101,"column":17},"end":{"line":101,"column":21}},"38":{"start":{"line":102,"column":2},"end":{"line":102,"column":63}},"39":{"start":{"line":103,"column":2},"end":{"line":103,"column":87}},"40":{"start":{"line":104,"column":2},"end":{"line":104,"column":63}},"41":{"start":{"line":105,"column":2},"end":{"line":105,"column":60}},"42":{"start":{"line":106,"column":2},"end":{"line":106,"column":75}},"43":{"start":{"line":107,"column":2},"end":{"line":107,"column":89}},"44":{"start":{"line":108,"column":2},"end":{"line":108,"column":65}},"45":{"start":{"line":109,"column":2},"end":{"line":109,"column":63}},"46":{"start":{"line":111,"column":2},"end":{"line":111,"column":34}},"47":{"start":{"line":112,"column":2},"end":{"line":112,"column":31}},"48":{"start":{"line":114,"column":2},"end":{"line":120,"column":3}},"49":{"start":{"line":115,"column":4},"end":{"line":115,"column":29}},"50":{"start":{"line":116,"column":4},"end":{"line":116,"column":38}},"51":{"start":{"line":118,"column":4},"end":{"line":118,"column":31}},"52":{"start":{"line":119,"column":4},"end":{"line":119,"column":30}},"53":{"start":{"line":122,"column":15},"end":{"line":122,"column":17}},"54":{"start":{"line":124,"column":21},"end":{"line":124,"column":55}},"55":{"start":{"line":126,"column":2},"end":{"line":168,"column":5}},"56":{"start":{"line":127,"column":4},"end":{"line":134,"column":5}},"57":{"start":{"line":128,"column":6},"end":{"line":130,"column":9}},"58":{"start":{"line":129,"column":8},"end":{"line":129,"column":21}},"59":{"start":{"line":131,"column":6},"end":{"line":133,"column":9}},"60":{"start":{"line":135,"column":4},"end":{"line":167,"column":7}},"61":{"start":{"line":138,"column":6},"end":{"line":166,"column":7}},"62":{"start":{"line":139,"column":8},"end":{"line":147,"column":9}},"63":{"start":{"line":140,"column":10},"end":{"line":142,"column":13}},"64":{"start":{"line":143,"column":15},"end":{"line":147,"column":9}},"65":{"start":{"line":144,"column":10},"end":{"line":146,"column":13}},"66":{"start":{"line":149,"column":8},"end":{"line":165,"column":11}},"67":{"start":{"line":158,"column":10},"end":{"line":164,"column":11}},"68":{"start":{"line":159,"column":12},"end":{"line":163,"column":15}},"69":{"start":{"line":179,"column":16},"end":{"line":226,"column":1}},"70":{"start":{"line":180,"column":2},"end":{"line":180,"column":63}},"71":{"start":{"line":181,"column":2},"end":{"line":181,"column":63}},"72":{"start":{"line":182,"column":2},"end":{"line":182,"column":34}},"73":{"start":{"line":183,"column":2},"end":{"line":183,"column":34}},"74":{"start":{"line":184,"column":15},"end":{"line":184,"column":17}},"75":{"start":{"line":185,"column":13},"end":{"line":189,"column":3}},"76":{"start":{"line":190,"column":2},"end":{"line":225,"column":5}},"77":{"start":{"line":191,"column":4},"end":{"line":224,"column":5}},"78":{"start":{"line":192,"column":6},"end":{"line":194,"column":9}},"79":{"start":{"line":193,"column":8},"end":{"line":193,"column":21}},"80":{"start":{"line":195,"column":6},"end":{"line":197,"column":9}},"81":{"start":{"line":199,"column":6},"end":{"line":223,"column":9}},"82":{"start":{"line":202,"column":8},"end":{"line":219,"column":9}},"83":{"start":{"line":203,"column":10},"end":{"line":215,"column":11}},"84":{"start":{"line":204,"column":24},"end":{"line":204,"column":48}},"85":{"start":{"line":205,"column":12},"end":{"line":211,"column":13}},"86":{"start":{"line":206,"column":14},"end":{"line":210,"column":17}},"87":{"start":{"line":212,"column":12},"end":{"line":214,"column":15}},"88":{"start":{"line":216,"column":10},"end":{"line":218,"column":13}},"89":{"start":{"line":220,"column":8},"end":{"line":222,"column":11}},"90":{"start":{"line":228,"column":22},"end":{"line":233,"column":1}},"91":{"start":{"line":235,"column":0},"end":{"line":235,"column":33}}},"fnMap":{"0":{"name":"_interopRequireDefault","decl":{"start":{"line":9,"column":9},"end":{"line":9,"column":31}},"loc":{"start":{"line":9,"column":37},"end":{"line":9,"column":95}},"line":9},"1":{"name":"_defineProperty","decl":{"start":{"line":11,"column":9},"end":{"line":11,"column":24}},"loc":{"start":{"line":11,"column":42},"end":{"line":11,"column":209}},"line":11},"2":{"name":"tokenFromUser","decl":{"start":{"line":26,"column":29},"end":{"line":26,"column":42}},"loc":{"start":{"line":26,"column":49},"end":{"line":29,"column":1}},"line":26},"3":{"name":"getAllUsers","decl":{"start":{"line":39,"column":27},"end":{"line":39,"column":38}},"loc":{"start":{"line":39,"column":49},"end":{"line":52,"column":1}},"line":39},"4":{"name":"(anonymous_4)","decl":{"start":{"line":42,"column":10},"end":{"line":42,"column":11}},"loc":{"start":{"line":42,"column":27},"end":{"line":51,"column":3}},"line":42},"5":{"name":"getUsersPerPage","decl":{"start":{"line":63,"column":31},"end":{"line":63,"column":46}},"loc":{"start":{"line":63,"column":57},"end":{"line":88,"column":1}},"line":63},"6":{"name":"(anonymous_6)","decl":{"start":{"line":66,"column":47},"end":{"line":66,"column":48}},"loc":{"start":{"line":66,"column":63},"end":{"line":87,"column":3}},"line":66},"7":{"name":"(anonymous_7)","decl":{"start":{"line":80,"column":12},"end":{"line":80,"column":13}},"loc":{"start":{"line":80,"column":29},"end":{"line":86,"column":5}},"line":80},"8":{"name":"createUser","decl":{"start":{"line":99,"column":26},"end":{"line":99,"column":36}},"loc":{"start":{"line":99,"column":47},"end":{"line":169,"column":1}},"line":99},"9":{"name":"(anonymous_9)","decl":{"start":{"line":126,"column":33},"end":{"line":126,"column":34}},"loc":{"start":{"line":126,"column":51},"end":{"line":168,"column":3}},"line":126},"10":{"name":"(anonymous_10)","decl":{"start":{"line":128,"column":34},"end":{"line":128,"column":35}},"loc":{"start":{"line":128,"column":47},"end":{"line":130,"column":7}},"line":128},"11":{"name":"(anonymous_11)","decl":{"start":{"line":137,"column":12},"end":{"line":137,"column":13}},"loc":{"start":{"line":137,"column":28},"end":{"line":167,"column":5}},"line":137},"12":{"name":"(anonymous_12)","decl":{"start":{"line":157,"column":16},"end":{"line":157,"column":17}},"loc":{"start":{"line":157,"column":29},"end":{"line":165,"column":9}},"line":157},"13":{"name":"userLogin","decl":{"start":{"line":179,"column":25},"end":{"line":179,"column":34}},"loc":{"start":{"line":179,"column":45},"end":{"line":226,"column":1}},"line":179},"14":{"name":"(anonymous_14)","decl":{"start":{"line":190,"column":33},"end":{"line":190,"column":34}},"loc":{"start":{"line":190,"column":51},"end":{"line":225,"column":3}},"line":190},"15":{"name":"(anonymous_15)","decl":{"start":{"line":192,"column":34},"end":{"line":192,"column":35}},"loc":{"start":{"line":192,"column":47},"end":{"line":194,"column":7}},"line":192},"16":{"name":"(anonymous_16)","decl":{"start":{"line":201,"column":14},"end":{"line":201,"column":15}},"loc":{"start":{"line":201,"column":35},"end":{"line":223,"column":7}},"line":201}},"branchMap":{"0":{"loc":{"start":{"line":9,"column":46},"end":{"line":9,"column":92}},"type":"cond-expr","locations":[{"start":{"line":9,"column":70},"end":{"line":9,"column":73}},{"start":{"line":9,"column":76},"end":{"line":9,"column":92}}],"line":9},"1":{"loc":{"start":{"line":9,"column":46},"end":{"line":9,"column":67}},"type":"binary-expr","locations":[{"start":{"line":9,"column":46},"end":{"line":9,"column":49}},{"start":{"line":9,"column":53},"end":{"line":9,"column":67}}],"line":9},"2":{"loc":{"start":{"line":11,"column":44},"end":{"line":11,"column":195}},"type":"if","locations":[{"start":{"line":11,"column":44},"end":{"line":11,"column":195}},{"start":{"line":11,"column":44},"end":{"line":11,"column":195}}],"line":11},"3":{"loc":{"start":{"line":43,"column":4},"end":{"line":47,"column":5}},"type":"if","locations":[{"start":{"line":43,"column":4},"end":{"line":47,"column":5}},{"start":{"line":43,"column":4},"end":{"line":47,"column":5}}],"line":43},"4":{"loc":{"start":{"line":72,"column":4},"end":{"line":76,"column":5}},"type":"if","locations":[{"start":{"line":72,"column":4},"end":{"line":76,"column":5}},{"start":{"line":72,"column":4},"end":{"line":76,"column":5}}],"line":72},"5":{"loc":{"start":{"line":72,"column":8},"end":{"line":72,"column":53}},"type":"binary-expr","locations":[{"start":{"line":72,"column":8},"end":{"line":72,"column":17}},{"start":{"line":72,"column":21},"end":{"line":72,"column":44}},{"start":{"line":72,"column":48},"end":{"line":72,"column":53}}],"line":72},"6":{"loc":{"start":{"line":114,"column":2},"end":{"line":120,"column":3}},"type":"if","locations":[{"start":{"line":114,"column":2},"end":{"line":120,"column":3}},{"start":{"line":114,"column":2},"end":{"line":120,"column":3}}],"line":114},"7":{"loc":{"start":{"line":127,"column":4},"end":{"line":134,"column":5}},"type":"if","locations":[{"start":{"line":127,"column":4},"end":{"line":134,"column":5}},{"start":{"line":127,"column":4},"end":{"line":134,"column":5}}],"line":127},"8":{"loc":{"start":{"line":138,"column":6},"end":{"line":166,"column":7}},"type":"if","locations":[{"start":{"line":138,"column":6},"end":{"line":166,"column":7}},{"start":{"line":138,"column":6},"end":{"line":166,"column":7}}],"line":138},"9":{"loc":{"start":{"line":139,"column":8},"end":{"line":147,"column":9}},"type":"if","locations":[{"start":{"line":139,"column":8},"end":{"line":147,"column":9}},{"start":{"line":139,"column":8},"end":{"line":147,"column":9}}],"line":139},"10":{"loc":{"start":{"line":143,"column":15},"end":{"line":147,"column":9}},"type":"if","locations":[{"start":{"line":143,"column":15},"end":{"line":147,"column":9}},{"start":{"line":143,"column":15},"end":{"line":147,"column":9}}],"line":143},"11":{"loc":{"start":{"line":158,"column":10},"end":{"line":164,"column":11}},"type":"if","locations":[{"start":{"line":158,"column":10},"end":{"line":164,"column":11}},{"start":{"line":158,"column":10},"end":{"line":164,"column":11}}],"line":158},"12":{"loc":{"start":{"line":191,"column":4},"end":{"line":224,"column":5}},"type":"if","locations":[{"start":{"line":191,"column":4},"end":{"line":224,"column":5}},{"start":{"line":191,"column":4},"end":{"line":224,"column":5}}],"line":191},"13":{"loc":{"start":{"line":202,"column":8},"end":{"line":219,"column":9}},"type":"if","locations":[{"start":{"line":202,"column":8},"end":{"line":219,"column":9}},{"start":{"line":202,"column":8},"end":{"line":219,"column":9}}],"line":202},"14":{"loc":{"start":{"line":203,"column":10},"end":{"line":215,"column":11}},"type":"if","locations":[{"start":{"line":203,"column":10},"end":{"line":215,"column":11}},{"start":{"line":203,"column":10},"end":{"line":215,"column":11}}],"line":203},"15":{"loc":{"start":{"line":205,"column":12},"end":{"line":211,"column":13}},"type":"if","locations":[{"start":{"line":205,"column":12},"end":{"line":211,"column":13}},{"start":{"line":205,"column":12},"end":{"line":211,"column":13}}],"line":205}},"s":{"0":1,"1":1,"2":1,"3":1,"4":9,"5":0,"6":9,"7":9,"8":1,"9":1,"10":1,"11":1,"12":1,"13":1,"14":1,"15":4,"16":4,"17":1,"18":1,"19":1,"20":0,"21":1,"22":1,"23":2,"24":2,"25":2,"26":2,"27":2,"28":2,"29":2,"30":2,"31":1,"32":1,"33":1,"34":1,"35":1,"36":9,"37":9,"38":9,"39":9,"40":9,"41":9,"42":9,"43":9,"44":9,"45":9,"46":9,"47":9,"48":9,"49":0,"50":0,"51":9,"52":9,"53":9,"54":9,"55":9,"56":9,"57":6,"58":9,"59":6,"60":3,"61":3,"62":2,"63":1,"64":1,"65":1,"66":1,"67":1,"68":1,"69":1,"70":6,"71":6,"72":6,"73":6,"74":6,"75":6,"76":6,"77":6,"78":0,"79":0,"80":0,"81":6,"82":6,"83":4,"84":3,"85":3,"86":3,"87":0,"88":1,"89":2,"90":1,"91":1},"f":{"0":1,"1":9,"2":4,"3":1,"4":1,"5":2,"6":2,"7":1,"8":9,"9":9,"10":9,"11":3,"12":1,"13":6,"14":6,"15":0,"16":6},"b":{"0":[0,1],"1":[1,1],"2":[0,9],"3":[0,1],"4":[1,1],"5":[2,1,1],"6":[0,9],"7":[6,3],"8":[2,1],"9":[1,1],"10":[1,0],"11":[1,0],"12":[0,6],"13":[4,2],"14":[3,1],"15":[3,0]},"_coverageSchema":"332fd63041d2c1bcb487cc26dd0d5f7d97098a6c","hash":"b7d93cb6891995aeb76555612c15bca5a502a621","contentHash":"770f699ecabf2fc4cb265f8815665751_11.4.1"}
,"/Users/andeladeveloper/Documents/andela_projects/eventcity/server/dist/models/center.js": {"path":"/Users/andeladeveloper/Documents/andela_projects/eventcity/server/dist/models/center.js","statementMap":{"0":{"start":{"line":3,"column":0},"end":{"line":22,"column":2}},"1":{"start":{"line":4,"column":15},"end":{"line":13,"column":4}},"2":{"start":{"line":15,"column":2},"end":{"line":19,"column":4}},"3":{"start":{"line":16,"column":4},"end":{"line":18,"column":7}},"4":{"start":{"line":21,"column":2},"end":{"line":21,"column":16}}},"fnMap":{"0":{"name":"(anonymous_0)","decl":{"start":{"line":3,"column":17},"end":{"line":3,"column":18}},"loc":{"start":{"line":3,"column":49},"end":{"line":22,"column":1}},"line":3},"1":{"name":"(anonymous_1)","decl":{"start":{"line":15,"column":21},"end":{"line":15,"column":22}},"loc":{"start":{"line":15,"column":39},"end":{"line":19,"column":3}},"line":15}},"branchMap":{},"s":{"0":1,"1":1,"2":1,"3":1,"4":1},"f":{"0":1,"1":1},"b":{},"_coverageSchema":"332fd63041d2c1bcb487cc26dd0d5f7d97098a6c","hash":"e4ab6007b62eaec08223bba68ed8f396cbe6fb66","contentHash":"3bac42be806dba26696d66212eec7fa1_11.4.1"}
,"/Users/andeladeveloper/Documents/andela_projects/eventcity/server/dist/models/event.js": {"path":"/Users/andeladeveloper/Documents/andela_projects/eventcity/server/dist/models/event.js","statementMap":{"0":{"start":{"line":3,"column":0},"end":{"line":22,"column":2}},"1":{"start":{"line":4,"column":14},"end":{"line":9,"column":4}},"2":{"start":{"line":11,"column":2},"end":{"line":20,"column":4}},"3":{"start":{"line":12,"column":4},"end":{"line":15,"column":7}},"4":{"start":{"line":16,"column":4},"end":{"line":19,"column":7}},"5":{"start":{"line":21,"column":2},"end":{"line":21,"column":15}}},"fnMap":{"0":{"name":"(anonymous_0)","decl":{"start":{"line":3,"column":17},"end":{"line":3,"column":18}},"loc":{"start":{"line":3,"column":49},"end":{"line":22,"column":1}},"line":3},"1":{"name":"(anonymous_1)","decl":{"start":{"line":11,"column":20},"end":{"line":11,"column":21}},"loc":{"start":{"line":11,"column":38},"end":{"line":20,"column":3}},"line":11}},"branchMap":{},"s":{"0":1,"1":1,"2":1,"3":1,"4":1,"5":1},"f":{"0":1,"1":1},"b":{},"_coverageSchema":"332fd63041d2c1bcb487cc26dd0d5f7d97098a6c","hash":"22fc181a124b314f1da786850f06c170a30bfb44","contentHash":"632cf50dbefb16e4a2e1fe7e5047c36c_11.4.1"}
,"/Users/andeladeveloper/Documents/andela_projects/eventcity/server/dist/models/index.js": {"path":"/Users/andeladeveloper/Documents/andela_projects/eventcity/server/dist/models/index.js","statementMap":{"0":{"start":{"line":3,"column":10},"end":{"line":3,"column":23}},"1":{"start":{"line":5,"column":11},"end":{"line":5,"column":38}},"2":{"start":{"line":7,"column":12},"end":{"line":7,"column":27}},"3":{"start":{"line":9,"column":13},"end":{"line":9,"column":42}},"4":{"start":{"line":11,"column":17},"end":{"line":11,"column":37}},"5":{"start":{"line":13,"column":18},"end":{"line":13,"column":52}},"6":{"start":{"line":15,"column":39},"end":{"line":15,"column":93}},"7":{"start":{"line":17,"column":0},"end":{"line":17,"column":27}},"8":{"start":{"line":19,"column":15},"end":{"line":19,"column":55}},"9":{"start":{"line":20,"column":10},"end":{"line":20,"column":47}},"10":{"start":{"line":21,"column":13},"end":{"line":21,"column":48}},"11":{"start":{"line":23,"column":9},"end":{"line":23,"column":11}},"12":{"start":{"line":24,"column":16},"end":{"line":24,"column":22}},"13":{"start":{"line":25,"column":0},"end":{"line":29,"column":1}},"14":{"start":{"line":26,"column":2},"end":{"line":26,"column":76}},"15":{"start":{"line":28,"column":2},"end":{"line":28,"column":97}},"16":{"start":{"line":31,"column":0},"end":{"line":36,"column":3}},"17":{"start":{"line":32,"column":2},"end":{"line":32,"column":82}},"18":{"start":{"line":34,"column":14},"end":{"line":34,"column":68}},"19":{"start":{"line":35,"column":2},"end":{"line":35,"column":25}},"20":{"start":{"line":38,"column":0},"end":{"line":42,"column":3}},"21":{"start":{"line":39,"column":2},"end":{"line":41,"column":3}},"22":{"start":{"line":40,"column":4},"end":{"line":40,"column":32}},"23":{"start":{"line":44,"column":0},"end":{"line":44,"column":25}},"24":{"start":{"line":45,"column":0},"end":{"line":45,"column":35}},"25":{"start":{"line":47,"column":0},"end":{"line":47,"column":20}}},"fnMap":{"0":{"name":"_interopRequireDefault","decl":{"start":{"line":15,"column":9},"end":{"line":15,"column":31}},"loc":{"start":{"line":15,"column":37},"end":{"line":15,"column":95}},"line":15},"1":{"name":"(anonymous_1)","decl":{"start":{"line":31,"column":43},"end":{"line":31,"column":44}},"loc":{"start":{"line":31,"column":59},"end":{"line":33,"column":1}},"line":31},"2":{"name":"(anonymous_2)","decl":{"start":{"line":33,"column":11},"end":{"line":33,"column":12}},"loc":{"start":{"line":33,"column":27},"end":{"line":36,"column":1}},"line":33},"3":{"name":"(anonymous_3)","decl":{"start":{"line":38,"column":24},"end":{"line":38,"column":25}},"loc":{"start":{"line":38,"column":45},"end":{"line":42,"column":1}},"line":38}},"branchMap":{"0":{"loc":{"start":{"line":15,"column":46},"end":{"line":15,"column":92}},"type":"cond-expr","locations":[{"start":{"line":15,"column":70},"end":{"line":15,"column":73}},{"start":{"line":15,"column":76},"end":{"line":15,"column":92}}],"line":15},"1":{"loc":{"start":{"line":15,"column":46},"end":{"line":15,"column":67}},"type":"binary-expr","locations":[{"start":{"line":15,"column":46},"end":{"line":15,"column":49}},{"start":{"line":15,"column":53},"end":{"line":15,"column":67}}],"line":15},"2":{"loc":{"start":{"line":20,"column":10},"end":{"line":20,"column":47}},"type":"binary-expr","locations":[{"start":{"line":20,"column":10},"end":{"line":20,"column":30}},{"start":{"line":20,"column":34},"end":{"line":20,"column":47}}],"line":20},"3":{"loc":{"start":{"line":25,"column":0},"end":{"line":29,"column":1}},"type":"if","locations":[{"start":{"line":25,"column":0},"end":{"line":29,"column":1}},{"start":{"line":25,"column":0},"end":{"line":29,"column":1}}],"line":25},"4":{"loc":{"start":{"line":32,"column":9},"end":{"line":32,"column":81}},"type":"binary-expr","locations":[{"start":{"line":32,"column":9},"end":{"line":32,"column":32}},{"start":{"line":32,"column":36},"end":{"line":32,"column":53}},{"start":{"line":32,"column":57},"end":{"line":32,"column":81}}],"line":32},"5":{"loc":{"start":{"line":39,"column":2},"end":{"line":41,"column":3}},"type":"if","locations":[{"start":{"line":39,"column":2},"end":{"line":41,"column":3}},{"start":{"line":39,"column":2},"end":{"line":41,"column":3}}],"line":39}},"s":{"0":1,"1":1,"2":1,"3":1,"4":1,"5":1,"6":3,"7":1,"8":1,"9":1,"10":1,"11":1,"12":1,"13":1,"14":1,"15":0,"16":1,"17":4,"18":3,"19":3,"20":1,"21":3,"22":3,"23":1,"24":1,"25":1},"f":{"0":3,"1":4,"2":3,"3":3},"b":{"0":[0,3],"1":[3,3],"2":[1,0],"3":[1,0],"4":[4,4,3],"5":[3,0]},"_coverageSchema":"332fd63041d2c1bcb487cc26dd0d5f7d97098a6c","hash":"ec526acd8c74f367713591de1930ad13a4c9e77f","contentHash":"7621716afcef05b2436f60b757935f07_11.4.1"}
,"/Users/andeladeveloper/Documents/andela_projects/eventcity/server/dist/models/user.js": {"path":"/Users/andeladeveloper/Documents/andela_projects/eventcity/server/dist/models/user.js","statementMap":{"0":{"start":{"line":3,"column":0},"end":{"line":44,"column":2}},"1":{"start":{"line":4,"column":13},"end":{"line":36,"column":4}},"2":{"start":{"line":38,"column":2},"end":{"line":42,"column":4}},"3":{"start":{"line":39,"column":4},"end":{"line":41,"column":7}},"4":{"start":{"line":43,"column":2},"end":{"line":43,"column":14}}},"fnMap":{"0":{"name":"(anonymous_0)","decl":{"start":{"line":3,"column":17},"end":{"line":3,"column":18}},"loc":{"start":{"line":3,"column":49},"end":{"line":44,"column":1}},"line":3},"1":{"name":"(anonymous_1)","decl":{"start":{"line":38,"column":19},"end":{"line":38,"column":20}},"loc":{"start":{"line":38,"column":37},"end":{"line":42,"column":3}},"line":38}},"branchMap":{},"s":{"0":1,"1":1,"2":1,"3":1,"4":1},"f":{"0":1,"1":1},"b":{},"_coverageSchema":"332fd63041d2c1bcb487cc26dd0d5f7d97098a6c","hash":"66462dbce45c85f3cb6d949e53f550e0e7498c87","contentHash":"9e0dc0309d16a5e9daf204d4b5f6d791_11.4.1"}
,"/Users/andeladeveloper/Documents/andela_projects/eventcity/server/dist/routes/centers.js": {"path":"/Users/andeladeveloper/Documents/andela_projects/eventcity/server/dist/routes/centers.js","statementMap":{"0":{"start":{"line":3,"column":0},"end":{"line":5,"column":3}},"1":{"start":{"line":7,"column":25},"end":{"line":7,"column":68}},"2":{"start":{"line":9,"column":26},"end":{"line":9,"column":68}},"3":{"start":{"line":11,"column":39},"end":{"line":11,"column":93}},"4":{"start":{"line":13,"column":22},"end":{"line":13,"column":53}},"5":{"start":{"line":14,"column":15},"end":{"line":14,"column":34}},"6":{"start":{"line":16,"column":13},"end":{"line":16,"column":30}},"7":{"start":{"line":18,"column":13},"end":{"line":18,"column":41}},"8":{"start":{"line":20,"column":14},"end":{"line":20,"column":32}},"9":{"start":{"line":22,"column":13},"end":{"line":22,"column":29}},"10":{"start":{"line":24,"column":18},"end":{"line":24,"column":66}},"11":{"start":{"line":26,"column":0},"end":{"line":26,"column":96}},"12":{"start":{"line":27,"column":0},"end":{"line":27,"column":72}},"13":{"start":{"line":28,"column":0},"end":{"line":28,"column":72}},"14":{"start":{"line":29,"column":0},"end":{"line":29,"column":62}},"15":{"start":{"line":30,"column":0},"end":{"line":30,"column":77}},"16":{"start":{"line":31,"column":0},"end":{"line":31,"column":97}},"17":{"start":{"line":32,"column":0},"end":{"line":32,"column":71}},"18":{"start":{"line":33,"column":0},"end":{"line":33,"column":99}},"19":{"start":{"line":34,"column":0},"end":{"line":34,"column":102}},"20":{"start":{"line":35,"column":0},"end":{"line":35,"column":25}}},"fnMap":{"0":{"name":"_interopRequireDefault","decl":{"start":{"line":11,"column":9},"end":{"line":11,"column":31}},"loc":{"start":{"line":11,"column":37},"end":{"line":11,"column":95}},"line":11}},"branchMap":{"0":{"loc":{"start":{"line":11,"column":46},"end":{"line":11,"column":92}},"type":"cond-expr","locations":[{"start":{"line":11,"column":70},"end":{"line":11,"column":73}},{"start":{"line":11,"column":76},"end":{"line":11,"column":92}}],"line":11},"1":{"loc":{"start":{"line":11,"column":46},"end":{"line":11,"column":67}},"type":"binary-expr","locations":[{"start":{"line":11,"column":46},"end":{"line":11,"column":49}},{"start":{"line":11,"column":53},"end":{"line":11,"column":67}}],"line":11}},"s":{"0":1,"1":1,"2":1,"3":1,"4":1,"5":1,"6":1,"7":1,"8":1,"9":1,"10":1,"11":1,"12":1,"13":1,"14":1,"15":1,"16":1,"17":1,"18":1,"19":1,"20":1},"f":{"0":1},"b":{"0":[1,0],"1":[1,1]},"_coverageSchema":"332fd63041d2c1bcb487cc26dd0d5f7d97098a6c","hash":"64f603db9483e5a6b125351b63c51965ea8d16a2","contentHash":"8f7dfce452f67d0e13281143b7dcb92d_11.4.1"}
,"/Users/andeladeveloper/Documents/andela_projects/eventcity/server/dist/routes/events.js": {"path":"/Users/andeladeveloper/Documents/andela_projects/eventcity/server/dist/routes/events.js","statementMap":{"0":{"start":{"line":3,"column":0},"end":{"line":5,"column":3}},"1":{"start":{"line":7,"column":24},"end":{"line":7,"column":66}},"2":{"start":{"line":9,"column":25},"end":{"line":9,"column":66}},"3":{"start":{"line":11,"column":25},"end":{"line":11,"column":68}},"4":{"start":{"line":13,"column":26},"end":{"line":13,"column":68}},"5":{"start":{"line":15,"column":39},"end":{"line":15,"column":93}},"6":{"start":{"line":17,"column":22},"end":{"line":17,"column":53}},"7":{"start":{"line":18,"column":15},"end":{"line":18,"column":34}},"8":{"start":{"line":20,"column":18},"end":{"line":20,"column":66}},"9":{"start":{"line":22,"column":14},"end":{"line":22,"column":32}},"10":{"start":{"line":24,"column":13},"end":{"line":24,"column":29}},"11":{"start":{"line":26,"column":0},"end":{"line":26,"column":70}},"12":{"start":{"line":27,"column":0},"end":{"line":27,"column":83}},"13":{"start":{"line":28,"column":0},"end":{"line":28,"column":70}},"14":{"start":{"line":29,"column":0},"end":{"line":29,"column":74}},"15":{"start":{"line":30,"column":0},"end":{"line":30,"column":76}},"16":{"start":{"line":31,"column":0},"end":{"line":31,"column":79}},"17":{"start":{"line":33,"column":0},"end":{"line":33,"column":25}}},"fnMap":{"0":{"name":"_interopRequireDefault","decl":{"start":{"line":15,"column":9},"end":{"line":15,"column":31}},"loc":{"start":{"line":15,"column":37},"end":{"line":15,"column":95}},"line":15}},"branchMap":{"0":{"loc":{"start":{"line":15,"column":46},"end":{"line":15,"column":92}},"type":"cond-expr","locations":[{"start":{"line":15,"column":70},"end":{"line":15,"column":73}},{"start":{"line":15,"column":76},"end":{"line":15,"column":92}}],"line":15},"1":{"loc":{"start":{"line":15,"column":46},"end":{"line":15,"column":67}},"type":"binary-expr","locations":[{"start":{"line":15,"column":46},"end":{"line":15,"column":49}},{"start":{"line":15,"column":53},"end":{"line":15,"column":67}}],"line":15}},"s":{"0":1,"1":1,"2":1,"3":1,"4":1,"5":2,"6":1,"7":1,"8":1,"9":1,"10":1,"11":1,"12":1,"13":1,"14":1,"15":1,"16":1,"17":1},"f":{"0":2},"b":{"0":[2,0],"1":[2,2]},"_coverageSchema":"332fd63041d2c1bcb487cc26dd0d5f7d97098a6c","hash":"1516f7306f497a08cce80ad50276d522f4b7cb7d","contentHash":"8e5d2ccce2b20e613cb5cf6aa4378530_11.4.1"}
,"/Users/andeladeveloper/Documents/andela_projects/eventcity/server/dist/routes/index.js": {"path":"/Users/andeladeveloper/Documents/andela_projects/eventcity/server/dist/routes/index.js","statementMap":{"0":{"start":{"line":3,"column":0},"end":{"line":5,"column":3}},"1":{"start":{"line":6,"column":14},"end":{"line":6,"column":32}},"2":{"start":{"line":8,"column":13},"end":{"line":8,"column":29}},"3":{"start":{"line":11,"column":0},"end":{"line":13,"column":3}},"4":{"start":{"line":12,"column":2},"end":{"line":12,"column":75}},"5":{"start":{"line":15,"column":0},"end":{"line":15,"column":25}}},"fnMap":{"0":{"name":"(anonymous_0)","decl":{"start":{"line":11,"column":16},"end":{"line":11,"column":17}},"loc":{"start":{"line":11,"column":42},"end":{"line":13,"column":1}},"line":11}},"branchMap":{},"s":{"0":1,"1":1,"2":1,"3":1,"4":0,"5":1},"f":{"0":0},"b":{},"_coverageSchema":"332fd63041d2c1bcb487cc26dd0d5f7d97098a6c","hash":"63af1cc4da1dab7d160d8c78f0b8cbb6fdd5d50e","contentHash":"888a39cd1b624cd67b410215c0d2485e_11.4.1"}
,"/Users/andeladeveloper/Documents/andela_projects/eventcity/server/dist/routes/users.js": {"path":"/Users/andeladeveloper/Documents/andela_projects/eventcity/server/dist/routes/users.js","statementMap":{"0":{"start":{"line":3,"column":0},"end":{"line":5,"column":3}},"1":{"start":{"line":7,"column":24},"end":{"line":7,"column":66}},"2":{"start":{"line":9,"column":25},"end":{"line":9,"column":66}},"3":{"start":{"line":11,"column":39},"end":{"line":11,"column":93}},"4":{"start":{"line":13,"column":13},"end":{"line":13,"column":30}},"5":{"start":{"line":15,"column":13},"end":{"line":15,"column":41}},"6":{"start":{"line":16,"column":14},"end":{"line":16,"column":32}},"7":{"start":{"line":18,"column":10},"end":{"line":18,"column":19}},"8":{"start":{"line":19,"column":13},"end":{"line":19,"column":29}},"9":{"start":{"line":22,"column":0},"end":{"line":22,"column":56}},"10":{"start":{"line":23,"column":0},"end":{"line":23,"column":65}},"11":{"start":{"line":24,"column":0},"end":{"line":24,"column":80}},"12":{"start":{"line":25,"column":0},"end":{"line":25,"column":60}},"13":{"start":{"line":27,"column":0},"end":{"line":27,"column":25}}},"fnMap":{"0":{"name":"_interopRequireDefault","decl":{"start":{"line":11,"column":9},"end":{"line":11,"column":31}},"loc":{"start":{"line":11,"column":37},"end":{"line":11,"column":95}},"line":11}},"branchMap":{"0":{"loc":{"start":{"line":11,"column":46},"end":{"line":11,"column":92}},"type":"cond-expr","locations":[{"start":{"line":11,"column":70},"end":{"line":11,"column":73}},{"start":{"line":11,"column":76},"end":{"line":11,"column":92}}],"line":11},"1":{"loc":{"start":{"line":11,"column":46},"end":{"line":11,"column":67}},"type":"binary-expr","locations":[{"start":{"line":11,"column":46},"end":{"line":11,"column":49}},{"start":{"line":11,"column":53},"end":{"line":11,"column":67}}],"line":11}},"s":{"0":1,"1":1,"2":1,"3":1,"4":1,"5":1,"6":1,"7":1,"8":1,"9":1,"10":1,"11":1,"12":1,"13":1},"f":{"0":1},"b":{"0":[0,1],"1":[1,1]},"_coverageSchema":"332fd63041d2c1bcb487cc26dd0d5f7d97098a6c","hash":"981e1ae3e7dcc11ea058aee2da1c597da12d4eb8","contentHash":"c0e6d8d050011d304c36b814fea9995a_11.4.1"}
,"/Users/andeladeveloper/Documents/andela_projects/eventcity/server/dist/services/passport.js": {"path":"/Users/andeladeveloper/Documents/andela_projects/eventcity/server/dist/services/passport.js","statementMap":{"0":{"start":{"line":3,"column":14},"end":{"line":3,"column":34}},"1":{"start":{"line":5,"column":15},"end":{"line":5,"column":46}},"2":{"start":{"line":7,"column":39},"end":{"line":7,"column":93}},"3":{"start":{"line":9,"column":18},"end":{"line":9,"column":50}},"4":{"start":{"line":11,"column":15},"end":{"line":11,"column":38}},"5":{"start":{"line":12,"column":17},"end":{"line":12,"column":36}},"6":{"start":{"line":14,"column":16},"end":{"line":14,"column":36}},"7":{"start":{"line":16,"column":13},"end":{"line":16,"column":28}},"8":{"start":{"line":17,"column":13},"end":{"line":17,"column":37}},"9":{"start":{"line":18,"column":15},"end":{"line":18,"column":34}},"10":{"start":{"line":20,"column":9},"end":{"line":20,"column":21}},"11":{"start":{"line":23,"column":17},"end":{"line":26,"column":1}},"12":{"start":{"line":27,"column":0},"end":{"line":36,"column":4}},"13":{"start":{"line":28,"column":2},"end":{"line":35,"column":5}},"14":{"start":{"line":29,"column":4},"end":{"line":31,"column":5}},"15":{"start":{"line":30,"column":6},"end":{"line":30,"column":30}},"16":{"start":{"line":32,"column":4},"end":{"line":32,"column":29}},"17":{"start":{"line":34,"column":4},"end":{"line":34,"column":28}}},"fnMap":{"0":{"name":"_interopRequireDefault","decl":{"start":{"line":7,"column":9},"end":{"line":7,"column":31}},"loc":{"start":{"line":7,"column":37},"end":{"line":7,"column":95}},"line":7},"1":{"name":"(anonymous_1)","decl":{"start":{"line":27,"column":41},"end":{"line":27,"column":42}},"loc":{"start":{"line":27,"column":66},"end":{"line":36,"column":1}},"line":27},"2":{"name":"(anonymous_2)","decl":{"start":{"line":28,"column":51},"end":{"line":28,"column":52}},"loc":{"start":{"line":28,"column":67},"end":{"line":33,"column":3}},"line":28},"3":{"name":"(anonymous_3)","decl":{"start":{"line":33,"column":11},"end":{"line":33,"column":12}},"loc":{"start":{"line":33,"column":26},"end":{"line":35,"column":3}},"line":33}},"branchMap":{"0":{"loc":{"start":{"line":7,"column":46},"end":{"line":7,"column":92}},"type":"cond-expr","locations":[{"start":{"line":7,"column":70},"end":{"line":7,"column":73}},{"start":{"line":7,"column":76},"end":{"line":7,"column":92}}],"line":7},"1":{"loc":{"start":{"line":7,"column":46},"end":{"line":7,"column":67}},"type":"binary-expr","locations":[{"start":{"line":7,"column":46},"end":{"line":7,"column":49}},{"start":{"line":7,"column":53},"end":{"line":7,"column":67}}],"line":7},"2":{"loc":{"start":{"line":29,"column":4},"end":{"line":31,"column":5}},"type":"if","locations":[{"start":{"line":29,"column":4},"end":{"line":31,"column":5}},{"start":{"line":29,"column":4},"end":{"line":31,"column":5}}],"line":29}},"s":{"0":1,"1":1,"2":1,"3":1,"4":1,"5":1,"6":1,"7":1,"8":1,"9":1,"10":1,"11":1,"12":1,"13":33,"14":33,"15":33,"16":0,"17":0},"f":{"0":1,"1":33,"2":33,"3":0},"b":{"0":[0,1],"1":[1,1],"2":[33,0]},"_coverageSchema":"332fd63041d2c1bcb487cc26dd0d5f7d97098a6c","hash":"5d741e2c69ebb5a7b269d11d9c33057d0983b800","contentHash":"f50da24b010366480616a560f9c182d3_11.4.1"}
,"/Users/andeladeveloper/Documents/andela_projects/eventcity/server/dist/test/seeds/center.js": {"path":"/Users/andeladeveloper/Documents/andela_projects/eventcity/server/dist/test/seeds/center.js","statementMap":{"0":{"start":{"line":3,"column":13},"end":{"line":11,"column":1}},"1":{"start":{"line":13,"column":21},"end":{"line":21,"column":1}},"2":{"start":{"line":23,"column":14},"end":{"line":31,"column":1}},"3":{"start":{"line":33,"column":19},"end":{"line":41,"column":1}},"4":{"start":{"line":43,"column":17},"end":{"line":51,"column":1}},"5":{"start":{"line":53,"column":17},"end":{"line":61,"column":1}},"6":{"start":{"line":63,"column":19},"end":{"line":71,"column":1}},"7":{"start":{"line":73,"column":14},"end":{"line":81,"column":1}},"8":{"start":{"line":83,"column":19},"end":{"line":91,"column":1}},"9":{"start":{"line":93,"column":25},"end":{"line":101,"column":1}},"10":{"start":{"line":103,"column":18},"end":{"line":114,"column":1}},"11":{"start":{"line":116,"column":0},"end":{"line":116,"column":29}}},"fnMap":{},"branchMap":{},"s":{"0":1,"1":1,"2":1,"3":1,"4":1,"5":1,"6":1,"7":1,"8":1,"9":1,"10":1,"11":1},"f":{},"b":{},"_coverageSchema":"332fd63041d2c1bcb487cc26dd0d5f7d97098a6c","hash":"91549578037babc76a62bd66102fad6700c57868","contentHash":"9ca2a9e490286c86d2e6245528c28663_11.4.1"}
,"/Users/andeladeveloper/Documents/andela_projects/eventcity/server/dist/test/seeds/event.js": {"path":"/Users/andeladeveloper/Documents/andela_projects/eventcity/server/dist/test/seeds/event.js","statementMap":{"0":{"start":{"line":3,"column":12},"end":{"line":10,"column":1}},"1":{"start":{"line":12,"column":13},"end":{"line":19,"column":1}},"2":{"start":{"line":21,"column":16},"end":{"line":28,"column":1}},"3":{"start":{"line":30,"column":13},"end":{"line":37,"column":1}},"4":{"start":{"line":39,"column":15},"end":{"line":46,"column":1}},"5":{"start":{"line":48,"column":17},"end":{"line":55,"column":1}},"6":{"start":{"line":57,"column":18},"end":{"line":64,"column":1}},"7":{"start":{"line":66,"column":24},"end":{"line":73,"column":1}},"8":{"start":{"line":74,"column":20},"end":{"line":81,"column":1}},"9":{"start":{"line":83,"column":17},"end":{"line":93,"column":1}},"10":{"start":{"line":95,"column":0},"end":{"line":95,"column":28}}},"fnMap":{},"branchMap":{},"s":{"0":1,"1":1,"2":1,"3":1,"4":1,"5":1,"6":1,"7":1,"8":1,"9":1,"10":1},"f":{},"b":{},"_coverageSchema":"332fd63041d2c1bcb487cc26dd0d5f7d97098a6c","hash":"a77753f25fc4c5abe1bea2f7742ffee8435dae87","contentHash":"d3cc240ede9966b7794d0033ae527db8_11.4.1"}
,"/Users/andeladeveloper/Documents/andela_projects/eventcity/server/dist/test/seeds/user.js": {"path":"/Users/andeladeveloper/Documents/andela_projects/eventcity/server/dist/test/seeds/user.js","statementMap":{"0":{"start":{"line":3,"column":11},"end":{"line":10,"column":1}},"1":{"start":{"line":12,"column":19},"end":{"line":18,"column":1}},"2":{"start":{"line":20,"column":24},"end":{"line":27,"column":1}},"3":{"start":{"line":29,"column":28},"end":{"line":36,"column":1}},"4":{"start":{"line":38,"column":16},"end":{"line":45,"column":1}},"5":{"start":{"line":47,"column":17},"end":{"line":54,"column":1}},"6":{"start":{"line":56,"column":18},"end":{"line":63,"column":1}},"7":{"start":{"line":65,"column":17},"end":{"line":72,"column":1}},"8":{"start":{"line":74,"column":18},"end":{"line":81,"column":1}},"9":{"start":{"line":82,"column":17},"end":{"line":89,"column":1}},"10":{"start":{"line":91,"column":14},"end":{"line":98,"column":1}},"11":{"start":{"line":100,"column":17},"end":{"line":107,"column":1}},"12":{"start":{"line":109,"column":24},"end":{"line":116,"column":1}},"13":{"start":{"line":118,"column":16},"end":{"line":132,"column":1}},"14":{"start":{"line":134,"column":0},"end":{"line":134,"column":27}}},"fnMap":{},"branchMap":{},"s":{"0":1,"1":1,"2":1,"3":1,"4":1,"5":1,"6":1,"7":1,"8":1,"9":1,"10":1,"11":1,"12":1,"13":1,"14":1},"f":{},"b":{},"_coverageSchema":"332fd63041d2c1bcb487cc26dd0d5f7d97098a6c","hash":"78c8b99f8c13954a3b7a37b29b92b9a6d1bf1b21","contentHash":"71d6802c1c17e425a751f3dee4b67d92_11.4.1"}
}
