{"/Users/andeladeveloper/Documents/andela_projects/eventcity/server/dist/test/centerTest.js": {"path":"/Users/andeladeveloper/Documents/andela_projects/eventcity/server/dist/test/centerTest.js","statementMap":{"0":{"start":{"line":3,"column":14},"end":{"line":3,"column":34}},"1":{"start":{"line":4,"column":14},"end":{"line":4,"column":32}},"2":{"start":{"line":6,"column":13},"end":{"line":6,"column":35}},"3":{"start":{"line":8,"column":10},"end":{"line":8,"column":19}},"4":{"start":{"line":9,"column":10},"end":{"line":9,"column":57}},"5":{"start":{"line":10,"column":12},"end":{"line":10,"column":89}},"6":{"start":{"line":12,"column":0},"end":{"line":12,"column":42}},"7":{"start":{"line":14,"column":0},"end":{"line":20,"column":3}},"8":{"start":{"line":15,"column":2},"end":{"line":19,"column":5}},"9":{"start":{"line":16,"column":4},"end":{"line":18,"column":7}},"10":{"start":{"line":17,"column":6},"end":{"line":17,"column":20}},"11":{"start":{"line":22,"column":0},"end":{"line":33,"column":3}},"12":{"start":{"line":23,"column":2},"end":{"line":27,"column":5}},"13":{"start":{"line":24,"column":4},"end":{"line":26,"column":7}},"14":{"start":{"line":25,"column":6},"end":{"line":25,"column":20}},"15":{"start":{"line":28,"column":2},"end":{"line":32,"column":5}},"16":{"start":{"line":29,"column":4},"end":{"line":31,"column":7}},"17":{"start":{"line":30,"column":6},"end":{"line":30,"column":20}},"18":{"start":{"line":35,"column":0},"end":{"line":52,"column":3}},"19":{"start":{"line":36,"column":2},"end":{"line":46,"column":5}},"20":{"start":{"line":37,"column":4},"end":{"line":45,"column":7}},"21":{"start":{"line":44,"column":6},"end":{"line":44,"column":13}},"22":{"start":{"line":47,"column":2},"end":{"line":51,"column":5}},"23":{"start":{"line":48,"column":4},"end":{"line":50,"column":7}},"24":{"start":{"line":49,"column":6},"end":{"line":49,"column":13}},"25":{"start":{"line":54,"column":0},"end":{"line":67,"column":3}},"26":{"start":{"line":55,"column":2},"end":{"line":66,"column":5}},"27":{"start":{"line":56,"column":4},"end":{"line":65,"column":7}},"28":{"start":{"line":64,"column":6},"end":{"line":64,"column":20}}},"fnMap":{"0":{"name":"(anonymous_0)","decl":{"start":{"line":12,"column":26},"end":{"line":12,"column":27}},"loc":{"start":{"line":12,"column":38},"end":{"line":12,"column":40}},"line":12},"1":{"name":"(anonymous_1)","decl":{"start":{"line":14,"column":25},"end":{"line":14,"column":26}},"loc":{"start":{"line":14,"column":37},"end":{"line":20,"column":1}},"line":14},"2":{"name":"(anonymous_2)","decl":{"start":{"line":15,"column":26},"end":{"line":15,"column":27}},"loc":{"start":{"line":15,"column":42},"end":{"line":19,"column":3}},"line":15},"3":{"name":"(anonymous_3)","decl":{"start":{"line":16,"column":70},"end":{"line":16,"column":71}},"loc":{"start":{"line":16,"column":82},"end":{"line":18,"column":5}},"line":16},"4":{"name":"(anonymous_4)","decl":{"start":{"line":22,"column":34},"end":{"line":22,"column":35}},"loc":{"start":{"line":22,"column":46},"end":{"line":33,"column":1}},"line":22},"5":{"name":"(anonymous_5)","decl":{"start":{"line":23,"column":37},"end":{"line":23,"column":38}},"loc":{"start":{"line":23,"column":53},"end":{"line":27,"column":3}},"line":23},"6":{"name":"(anonymous_6)","decl":{"start":{"line":24,"column":108},"end":{"line":24,"column":109}},"loc":{"start":{"line":24,"column":120},"end":{"line":26,"column":5}},"line":24},"7":{"name":"(anonymous_7)","decl":{"start":{"line":28,"column":37},"end":{"line":28,"column":38}},"loc":{"start":{"line":28,"column":53},"end":{"line":32,"column":3}},"line":28},"8":{"name":"(anonymous_8)","decl":{"start":{"line":29,"column":68},"end":{"line":29,"column":69}},"loc":{"start":{"line":29,"column":80},"end":{"line":31,"column":5}},"line":29},"9":{"name":"(anonymous_9)","decl":{"start":{"line":35,"column":34},"end":{"line":35,"column":35}},"loc":{"start":{"line":35,"column":46},"end":{"line":52,"column":1}},"line":35},"10":{"name":"(anonymous_10)","decl":{"start":{"line":36,"column":37},"end":{"line":36,"column":38}},"loc":{"start":{"line":36,"column":53},"end":{"line":46,"column":3}},"line":36},"11":{"name":"(anonymous_11)","decl":{"start":{"line":43,"column":23},"end":{"line":43,"column":24}},"loc":{"start":{"line":43,"column":35},"end":{"line":45,"column":5}},"line":43},"12":{"name":"(anonymous_12)","decl":{"start":{"line":47,"column":38},"end":{"line":47,"column":39}},"loc":{"start":{"line":47,"column":54},"end":{"line":51,"column":3}},"line":47},"13":{"name":"(anonymous_13)","decl":{"start":{"line":48,"column":136},"end":{"line":48,"column":137}},"loc":{"start":{"line":48,"column":156},"end":{"line":50,"column":5}},"line":48},"14":{"name":"(anonymous_14)","decl":{"start":{"line":54,"column":27},"end":{"line":54,"column":28}},"loc":{"start":{"line":54,"column":39},"end":{"line":67,"column":1}},"line":54},"15":{"name":"(anonymous_15)","decl":{"start":{"line":55,"column":37},"end":{"line":55,"column":38}},"loc":{"start":{"line":55,"column":53},"end":{"line":66,"column":3}},"line":55},"16":{"name":"(anonymous_16)","decl":{"start":{"line":63,"column":23},"end":{"line":63,"column":24}},"loc":{"start":{"line":63,"column":35},"end":{"line":65,"column":5}},"line":63}},"branchMap":{},"s":{"0":1,"1":1,"2":1,"3":1,"4":1,"5":1,"6":1,"7":1,"8":1,"9":1,"10":1,"11":1,"12":1,"13":1,"14":1,"15":1,"16":1,"17":1,"18":1,"19":1,"20":1,"21":1,"22":1,"23":1,"24":1,"25":1,"26":1,"27":1,"28":1},"f":{"0":1,"1":1,"2":1,"3":1,"4":1,"5":1,"6":1,"7":1,"8":1,"9":1,"10":1,"11":1,"12":1,"13":1,"14":1,"15":1,"16":1},"b":{},"_coverageSchema":"332fd63041d2c1bcb487cc26dd0d5f7d97098a6c","hash":"506fb9f7d19fe69e09fa059f18bea8f7b318f4f1","contentHash":"ab15d87aff7b109e2288acaa7cf41aaf_11.4.1"}
,"/Users/andeladeveloper/Documents/andela_projects/eventcity/server/dist/test/eventTest.js": {"path":"/Users/andeladeveloper/Documents/andela_projects/eventcity/server/dist/test/eventTest.js","statementMap":{"0":{"start":{"line":3,"column":14},"end":{"line":3,"column":34}},"1":{"start":{"line":4,"column":14},"end":{"line":4,"column":32}},"2":{"start":{"line":6,"column":13},"end":{"line":6,"column":35}},"3":{"start":{"line":8,"column":10},"end":{"line":8,"column":19}},"4":{"start":{"line":9,"column":10},"end":{"line":9,"column":56}},"5":{"start":{"line":10,"column":12},"end":{"line":10,"column":89}},"6":{"start":{"line":12,"column":0},"end":{"line":25,"column":3}},"7":{"start":{"line":13,"column":2},"end":{"line":24,"column":5}},"8":{"start":{"line":14,"column":4},"end":{"line":23,"column":7}},"9":{"start":{"line":22,"column":6},"end":{"line":22,"column":20}},"10":{"start":{"line":27,"column":0},"end":{"line":45,"column":3}},"11":{"start":{"line":28,"column":2},"end":{"line":39,"column":5}},"12":{"start":{"line":29,"column":4},"end":{"line":38,"column":7}},"13":{"start":{"line":37,"column":6},"end":{"line":37,"column":13}},"14":{"start":{"line":40,"column":2},"end":{"line":44,"column":5}},"15":{"start":{"line":41,"column":4},"end":{"line":43,"column":7}},"16":{"start":{"line":42,"column":6},"end":{"line":42,"column":13}}},"fnMap":{"0":{"name":"(anonymous_0)","decl":{"start":{"line":12,"column":26},"end":{"line":12,"column":27}},"loc":{"start":{"line":12,"column":38},"end":{"line":25,"column":1}},"line":12},"1":{"name":"(anonymous_1)","decl":{"start":{"line":13,"column":37},"end":{"line":13,"column":38}},"loc":{"start":{"line":13,"column":53},"end":{"line":24,"column":3}},"line":13},"2":{"name":"(anonymous_2)","decl":{"start":{"line":21,"column":23},"end":{"line":21,"column":24}},"loc":{"start":{"line":21,"column":35},"end":{"line":23,"column":5}},"line":21},"3":{"name":"(anonymous_3)","decl":{"start":{"line":27,"column":34},"end":{"line":27,"column":35}},"loc":{"start":{"line":27,"column":46},"end":{"line":45,"column":1}},"line":27},"4":{"name":"(anonymous_4)","decl":{"start":{"line":28,"column":37},"end":{"line":28,"column":38}},"loc":{"start":{"line":28,"column":53},"end":{"line":39,"column":3}},"line":28},"5":{"name":"(anonymous_5)","decl":{"start":{"line":36,"column":23},"end":{"line":36,"column":24}},"loc":{"start":{"line":36,"column":35},"end":{"line":38,"column":5}},"line":36},"6":{"name":"(anonymous_6)","decl":{"start":{"line":40,"column":38},"end":{"line":40,"column":39}},"loc":{"start":{"line":40,"column":54},"end":{"line":44,"column":3}},"line":40},"7":{"name":"(anonymous_7)","decl":{"start":{"line":41,"column":136},"end":{"line":41,"column":137}},"loc":{"start":{"line":41,"column":156},"end":{"line":43,"column":5}},"line":41}},"branchMap":{},"s":{"0":1,"1":1,"2":1,"3":1,"4":1,"5":1,"6":1,"7":1,"8":1,"9":1,"10":1,"11":1,"12":1,"13":1,"14":1,"15":1,"16":1},"f":{"0":1,"1":1,"2":1,"3":1,"4":1,"5":1,"6":1,"7":1},"b":{},"_coverageSchema":"332fd63041d2c1bcb487cc26dd0d5f7d97098a6c","hash":"936c303c7a44e8c223547c9007c06c540355a8d1","contentHash":"914b081542cac7c73c084f7f75c9b391_11.4.1"}
,"/Users/andeladeveloper/Documents/andela_projects/eventcity/server/dist/test/userTest.js": {"path":"/Users/andeladeveloper/Documents/andela_projects/eventcity/server/dist/test/userTest.js","statementMap":{"0":{"start":{"line":3,"column":14},"end":{"line":3,"column":34}},"1":{"start":{"line":4,"column":14},"end":{"line":4,"column":32}},"2":{"start":{"line":6,"column":13},"end":{"line":6,"column":35}},"3":{"start":{"line":8,"column":10},"end":{"line":8,"column":19}},"4":{"start":{"line":9,"column":10},"end":{"line":9,"column":55}},"5":{"start":{"line":11,"column":0},"end":{"line":20,"column":3}},"6":{"start":{"line":12,"column":2},"end":{"line":19,"column":5}},"7":{"start":{"line":13,"column":4},"end":{"line":18,"column":7}},"8":{"start":{"line":17,"column":6},"end":{"line":17,"column":20}},"9":{"start":{"line":22,"column":0},"end":{"line":34,"column":3}},"10":{"start":{"line":23,"column":2},"end":{"line":33,"column":5}},"11":{"start":{"line":24,"column":4},"end":{"line":32,"column":7}},"12":{"start":{"line":31,"column":6},"end":{"line":31,"column":20}}},"fnMap":{"0":{"name":"(anonymous_0)","decl":{"start":{"line":11,"column":24},"end":{"line":11,"column":25}},"loc":{"start":{"line":11,"column":36},"end":{"line":20,"column":1}},"line":11},"1":{"name":"(anonymous_1)","decl":{"start":{"line":12,"column":37},"end":{"line":12,"column":38}},"loc":{"start":{"line":12,"column":53},"end":{"line":19,"column":3}},"line":12},"2":{"name":"(anonymous_2)","decl":{"start":{"line":16,"column":23},"end":{"line":16,"column":24}},"loc":{"start":{"line":16,"column":35},"end":{"line":18,"column":5}},"line":16},"3":{"name":"(anonymous_3)","decl":{"start":{"line":22,"column":24},"end":{"line":22,"column":25}},"loc":{"start":{"line":22,"column":36},"end":{"line":34,"column":1}},"line":22},"4":{"name":"(anonymous_4)","decl":{"start":{"line":23,"column":37},"end":{"line":23,"column":38}},"loc":{"start":{"line":23,"column":53},"end":{"line":33,"column":3}},"line":23},"5":{"name":"(anonymous_5)","decl":{"start":{"line":30,"column":23},"end":{"line":30,"column":24}},"loc":{"start":{"line":30,"column":35},"end":{"line":32,"column":5}},"line":30}},"branchMap":{},"s":{"0":1,"1":1,"2":1,"3":1,"4":1,"5":1,"6":1,"7":1,"8":1,"9":1,"10":1,"11":1,"12":1},"f":{"0":1,"1":1,"2":1,"3":1,"4":1,"5":1},"b":{},"_coverageSchema":"332fd63041d2c1bcb487cc26dd0d5f7d97098a6c","hash":"8aa90aea6b4ac4ac134e1b36517c9810ec89cc46","contentHash":"8dfb6ad4599028e8a361048c9d875f33_11.4.1"}
}
