TN:
SF:/Users/andeladeveloper/Documents/andela_projects/eventcity/server/dist/app.js
FN:31,_interopRequireDefault
FN:67,(anonymous_1)
FN:74,(anonymous_2)
FNF:3
FNH:1
FNDA:7,_interopRequireDefault
FNDA:0,(anonymous_1)
FNDA:0,(anonymous_2)
DA:3,1
DA:5,1
DA:7,1
DA:9,1
DA:11,1
DA:13,1
DA:15,1
DA:17,1
DA:19,1
DA:21,1
DA:23,1
DA:25,1
DA:27,1
DA:29,1
DA:31,7
DA:33,1
DA:35,1
DA:36,1
DA:37,1
DA:38,1
DA:39,1
DA:41,1
DA:42,1
DA:44,1
DA:46,1
DA:47,1
DA:50,1
DA:51,1
DA:52,1
DA:53,1
DA:54,1
DA:55,1
DA:56,1
DA:58,1
DA:59,1
DA:60,1
DA:61,1
DA:62,1
DA:64,1
DA:67,1
DA:68,0
DA:69,0
DA:70,0
DA:74,1
DA:77,0
DA:78,0
DA:80,0
DA:82,0
DA:88,1
LF:49
LH:42
BRDA:31,0,0,4
BRDA:31,0,1,3
BRDA:31,1,0,7
BRDA:31,1,1,7
BRDA:78,2,0,0
BRDA:78,2,1,0
BRDA:80,3,0,0
BRDA:80,3,1,0
BRF:8
BRH:4
end_of_record
TN:
SF:/Users/andeladeveloper/Documents/andela_projects/eventcity/server/dist/config/config.js
FNF:0
FNH:0
DA:3,1
DA:5,1
LF:2
LH:2
BRF:0
BRH:0
end_of_record
TN:
SF:/Users/andeladeveloper/Documents/andela_projects/eventcity/server/dist/controllers/centerControllers.js
FN:11,_interopRequireDefault
FN:30,createCenters
FN:54,(anonymous_2)
FN:56,(anonymous_3)
FN:67,(anonymous_4)
FN:73,(anonymous_5)
FN:93,getAllCenters
FN:94,(anonymous_7)
FN:115,getCenterPerPage
FN:118,(anonymous_9)
FN:134,(anonymous_10)
FN:141,(anonymous_11)
FN:146,deleteCenter
FN:149,(anonymous_13)
FN:151,(anonymous_14)
FN:162,(anonymous_15)
FN:168,(anonymous_16)
FN:192,updateCenter
FN:215,(anonymous_18)
FN:237,getCenterById
FN:240,(anonymous_20)
FN:242,(anonymous_21)
FN:249,(anonymous_22)
FN:271,getCentersEvents
FN:276,(anonymous_24)
FNF:25
FNH:15
FNDA:1,_interopRequireDefault
FNDA:7,createCenters
FNDA:7,(anonymous_2)
FNDA:6,(anonymous_3)
FNDA:1,(anonymous_4)
FNDA:0,(anonymous_5)
FNDA:1,getAllCenters
FNDA:1,(anonymous_7)
FNDA:2,getCenterPerPage
FNDA:2,(anonymous_9)
FNDA:1,(anonymous_10)
FNDA:0,(anonymous_11)
FNDA:0,deleteCenter
FNDA:0,(anonymous_13)
FNDA:0,(anonymous_14)
FNDA:0,(anonymous_15)
FNDA:0,(anonymous_16)
FNDA:2,updateCenter
FNDA:2,(anonymous_18)
FNDA:1,getCenterById
FNDA:1,(anonymous_20)
FNDA:0,(anonymous_21)
FNDA:1,(anonymous_22)
FNDA:0,getCentersEvents
FNDA:0,(anonymous_24)
DA:3,1
DA:7,1
DA:9,1
DA:11,1
DA:13,1
DA:14,1
DA:16,1
DA:30,1
DA:31,7
DA:32,7
DA:33,7
DA:34,7
DA:35,7
DA:36,7
DA:37,7
DA:38,7
DA:40,7
DA:41,7
DA:42,7
DA:43,7
DA:44,7
DA:54,7
DA:55,7
DA:56,6
DA:57,6
DA:59,6
DA:63,1
DA:68,1
DA:69,1
DA:73,0
DA:74,0
DA:75,0
DA:93,1
DA:94,1
DA:95,1
DA:96,1
DA:100,0
DA:115,1
DA:116,2
DA:117,2
DA:118,2
DA:119,2
DA:121,2
DA:122,2
DA:123,2
DA:124,2
DA:125,1
DA:129,1
DA:130,1
DA:135,1
DA:142,0
DA:146,1
DA:147,0
DA:148,0
DA:149,0
DA:150,0
DA:151,0
DA:152,0
DA:154,0
DA:158,0
DA:163,0
DA:164,0
DA:169,0
DA:170,0
DA:176,0
DA:192,1
DA:193,2
DA:194,0
DA:198,2
DA:199,2
DA:211,2
DA:216,2
DA:217,1
DA:218,1
DA:223,1
DA:237,1
DA:238,1
DA:239,1
DA:240,1
DA:241,1
DA:242,0
DA:243,0
DA:245,0
DA:249,1
DA:250,1
DA:251,1
DA:256,0
DA:271,1
DA:272,0
DA:277,0
DA:278,0
DA:284,0
DA:292,1
DA:302,1
LF:94
LH:67
BRDA:11,0,0,0
BRDA:11,0,1,1
BRDA:11,1,0,1
BRDA:11,1,1,1
BRDA:41,2,0,0
BRDA:41,2,1,7
BRDA:55,3,0,6
BRDA:55,3,1,1
BRDA:68,4,0,1
BRDA:68,4,1,0
BRDA:74,5,0,0
BRDA:74,5,1,0
BRDA:95,6,0,1
BRDA:95,6,1,0
BRDA:124,7,0,1
BRDA:124,7,1,1
BRDA:124,8,0,2
BRDA:124,8,1,1
BRDA:124,8,2,1
BRDA:150,9,0,0
BRDA:150,9,1,0
BRDA:163,10,0,0
BRDA:163,10,1,0
BRDA:169,11,0,0
BRDA:169,11,1,0
BRDA:193,12,0,0
BRDA:193,12,1,2
BRDA:198,13,0,0
BRDA:198,13,1,2
BRDA:216,14,0,1
BRDA:216,14,1,1
BRDA:241,15,0,0
BRDA:241,15,1,1
BRDA:250,16,0,1
BRDA:250,16,1,0
BRDA:277,17,0,0
BRDA:277,17,1,0
BRF:37
BRH:19
end_of_record
TN:
SF:/Users/andeladeveloper/Documents/andela_projects/eventcity/server/dist/controllers/eventControllers.js
FN:11,_interopRequireDefault
FN:21,createEvent
FN:39,(anonymous_2)
FN:41,(anonymous_3)
FN:53,(anonymous_4)
FN:59,(anonymous_5)
FN:80,getEventsById
FN:81,(anonymous_7)
FN:102,getAllEvents
FN:103,(anonymous_9)
FN:124,getEventPerPage
FN:127,(anonymous_11)
FN:141,(anonymous_12)
FN:147,(anonymous_13)
FN:161,updateEventById
FN:180,(anonymous_15)
FN:182,(anonymous_16)
FN:189,(anonymous_17)
FN:196,(anonymous_18)
FN:206,(anonymous_19)
FN:226,deleteEventById
FN:237,(anonymous_21)
FNF:22
FNH:17
FNDA:1,_interopRequireDefault
FNDA:7,createEvent
FNDA:7,(anonymous_2)
FNDA:7,(anonymous_3)
FNDA:1,(anonymous_4)
FNDA:0,(anonymous_5)
FNDA:2,getEventsById
FNDA:2,(anonymous_7)
FNDA:1,getAllEvents
FNDA:1,(anonymous_9)
FNDA:2,getEventPerPage
FNDA:2,(anonymous_11)
FNDA:1,(anonymous_12)
FNDA:0,(anonymous_13)
FNDA:2,updateEventById
FNDA:2,(anonymous_15)
FNDA:0,(anonymous_16)
FNDA:2,(anonymous_17)
FNDA:1,(anonymous_18)
FNDA:1,(anonymous_19)
FNDA:0,deleteEventById
FNDA:0,(anonymous_21)
DA:3,1
DA:7,1
DA:9,1
DA:11,1
DA:21,1
DA:22,7
DA:23,7
DA:24,7
DA:25,7
DA:26,7
DA:27,7
DA:29,7
DA:30,7
DA:39,7
DA:40,7
DA:41,6
DA:42,7
DA:44,6
DA:48,1
DA:54,1
DA:55,1
DA:59,0
DA:60,0
DA:61,0
DA:80,1
DA:81,2
DA:82,2
DA:83,1
DA:88,1
DA:102,1
DA:103,1
DA:104,1
DA:105,1
DA:109,0
DA:124,1
DA:125,2
DA:126,2
DA:127,2
DA:128,2
DA:130,2
DA:131,2
DA:132,2
DA:133,2
DA:134,1
DA:138,1
DA:139,1
DA:142,1
DA:148,0
DA:161,1
DA:162,2
DA:163,2
DA:164,2
DA:165,2
DA:166,2
DA:167,2
DA:168,2
DA:170,2
DA:171,2
DA:180,2
DA:181,2
DA:182,0
DA:183,0
DA:185,0
DA:189,2
DA:190,2
DA:191,1
DA:197,1
DA:198,0
DA:202,1
DA:207,1
DA:211,1
DA:226,1
DA:227,0
DA:229,0
DA:233,0
DA:238,0
DA:244,1
DA:253,1
LF:78
LH:65
BRDA:11,0,0,0
BRDA:11,0,1,1
BRDA:11,1,0,1
BRDA:11,1,1,1
BRDA:40,2,0,6
BRDA:40,2,1,1
BRDA:54,3,0,1
BRDA:54,3,1,0
BRDA:60,4,0,0
BRDA:60,4,1,0
BRDA:82,5,0,1
BRDA:82,5,1,1
BRDA:104,6,0,1
BRDA:104,6,1,0
BRDA:133,7,0,1
BRDA:133,7,1,1
BRDA:133,8,0,2
BRDA:133,8,1,2
BRDA:133,8,2,1
BRDA:181,9,0,0
BRDA:181,9,1,2
BRDA:190,10,0,1
BRDA:190,10,1,1
BRDA:197,11,0,0
BRDA:197,11,1,1
BRDA:227,12,0,0
BRDA:227,12,1,0
BRF:27
BRH:18
end_of_record
TN:
SF:/Users/andeladeveloper/Documents/andela_projects/eventcity/server/dist/controllers/usersControllers.js
FN:9,_interopRequireDefault
FN:11,_defineProperty
FN:26,tokenFromUser
FN:39,getAllUsers
FN:42,(anonymous_4)
FN:63,getUsersPerPage
FN:66,(anonymous_6)
FN:80,(anonymous_7)
FN:87,(anonymous_8)
FN:101,createUser
FN:128,(anonymous_10)
FN:130,(anonymous_11)
FN:139,(anonymous_12)
FN:159,(anonymous_13)
FN:184,userLogin
FN:195,(anonymous_15)
FN:197,(anonymous_16)
FN:206,(anonymous_17)
FNF:18
FNH:11
FNDA:1,_interopRequireDefault
FNDA:8,_defineProperty
FNDA:4,tokenFromUser
FNDA:0,getAllUsers
FNDA:0,(anonymous_4)
FNDA:0,getUsersPerPage
FNDA:0,(anonymous_6)
FNDA:0,(anonymous_7)
FNDA:0,(anonymous_8)
FNDA:9,createUser
FNDA:9,(anonymous_10)
FNDA:9,(anonymous_11)
FNDA:3,(anonymous_12)
FNDA:1,(anonymous_13)
FNDA:5,userLogin
FNDA:5,(anonymous_15)
FNDA:0,(anonymous_16)
FNDA:5,(anonymous_17)
DA:3,1
DA:5,1
DA:7,1
DA:9,1
DA:11,8
DA:16,1
DA:17,1
DA:18,1
DA:19,1
DA:21,1
DA:23,1
DA:26,1
DA:27,4
DA:28,4
DA:39,1
DA:40,0
DA:43,0
DA:44,0
DA:48,0
DA:63,1
DA:64,0
DA:65,0
DA:66,0
DA:67,0
DA:69,0
DA:70,0
DA:71,0
DA:72,0
DA:73,0
DA:77,0
DA:78,0
DA:81,0
DA:88,0
DA:101,1
DA:102,9
DA:103,9
DA:104,9
DA:105,9
DA:106,9
DA:107,9
DA:108,9
DA:109,9
DA:110,9
DA:111,9
DA:113,9
DA:114,9
DA:116,9
DA:117,0
DA:118,0
DA:120,9
DA:121,9
DA:124,9
DA:126,9
DA:128,9
DA:129,9
DA:130,6
DA:131,9
DA:133,6
DA:137,3
DA:140,3
DA:141,2
DA:142,1
DA:145,1
DA:146,1
DA:151,1
DA:160,1
DA:161,1
DA:167,0
DA:184,1
DA:185,5
DA:186,5
DA:187,5
DA:188,5
DA:189,5
DA:190,5
DA:195,5
DA:196,5
DA:197,0
DA:198,0
DA:200,0
DA:204,5
DA:207,5
DA:208,4
DA:209,3
DA:210,3
DA:211,3
DA:217,0
DA:221,1
DA:225,1
DA:233,1
DA:240,1
LF:91
LH:67
BRDA:9,0,0,0
BRDA:9,0,1,1
BRDA:9,1,0,1
BRDA:9,1,1,1
BRDA:11,2,0,0
BRDA:11,2,1,8
BRDA:43,3,0,0
BRDA:43,3,1,0
BRDA:72,4,0,0
BRDA:72,4,1,0
BRDA:72,5,0,0
BRDA:72,5,1,0
BRDA:72,5,2,0
BRDA:116,6,0,0
BRDA:116,6,1,9
BRDA:129,7,0,6
BRDA:129,7,1,3
BRDA:140,8,0,2
BRDA:140,8,1,1
BRDA:141,9,0,1
BRDA:141,9,1,1
BRDA:145,10,0,1
BRDA:145,10,1,0
BRDA:160,11,0,1
BRDA:160,11,1,0
BRDA:196,12,0,0
BRDA:196,12,1,5
BRDA:207,13,0,4
BRDA:207,13,1,1
BRDA:208,14,0,3
BRDA:208,14,1,1
BRDA:210,15,0,3
BRDA:210,15,1,0
BRF:33
BRH:19
end_of_record
TN:
SF:/Users/andeladeveloper/Documents/andela_projects/eventcity/server/dist/models/center.js
FN:3,(anonymous_0)
FN:15,(anonymous_1)
FNF:2
FNH:2
FNDA:1,(anonymous_0)
FNDA:1,(anonymous_1)
DA:3,1
DA:4,1
DA:15,1
DA:16,1
DA:21,1
LF:5
LH:5
BRF:0
BRH:0
end_of_record
TN:
SF:/Users/andeladeveloper/Documents/andela_projects/eventcity/server/dist/models/event.js
FN:3,(anonymous_0)
FN:11,(anonymous_1)
FNF:2
FNH:2
FNDA:1,(anonymous_0)
FNDA:1,(anonymous_1)
DA:3,1
DA:4,1
DA:11,1
DA:12,1
DA:16,1
DA:21,1
LF:6
LH:6
BRF:0
BRH:0
end_of_record
TN:
SF:/Users/andeladeveloper/Documents/andela_projects/eventcity/server/dist/models/index.js
FN:15,_interopRequireDefault
FN:31,(anonymous_1)
FN:33,(anonymous_2)
FN:38,(anonymous_3)
FNF:4
FNH:4
FNDA:3,_interopRequireDefault
FNDA:4,(anonymous_1)
FNDA:3,(anonymous_2)
FNDA:3,(anonymous_3)
DA:3,1
DA:5,1
DA:7,1
DA:9,1
DA:11,1
DA:13,1
DA:15,3
DA:17,1
DA:19,1
DA:20,1
DA:21,1
DA:23,1
DA:24,1
DA:25,1
DA:26,0
DA:28,1
DA:31,1
DA:32,4
DA:34,3
DA:35,3
DA:38,1
DA:39,3
DA:40,3
DA:44,1
DA:45,1
DA:47,1
LF:26
LH:25
BRDA:15,0,0,0
BRDA:15,0,1,3
BRDA:15,1,0,3
BRDA:15,1,1,3
BRDA:20,2,0,1
BRDA:20,2,1,0
BRDA:25,3,0,0
BRDA:25,3,1,1
BRDA:32,4,0,4
BRDA:32,4,1,4
BRDA:32,4,2,3
BRDA:39,5,0,3
BRDA:39,5,1,0
BRF:13
BRH:9
end_of_record
TN:
SF:/Users/andeladeveloper/Documents/andela_projects/eventcity/server/dist/models/user.js
FN:3,(anonymous_0)
FN:38,(anonymous_1)
FNF:2
FNH:2
FNDA:1,(anonymous_0)
FNDA:1,(anonymous_1)
DA:3,1
DA:4,1
DA:38,1
DA:39,1
DA:43,1
LF:5
LH:5
BRF:0
BRH:0
end_of_record
TN:
SF:/Users/andeladeveloper/Documents/andela_projects/eventcity/server/dist/routes/centers.js
FN:11,_interopRequireDefault
FNF:1
FNH:1
FNDA:1,_interopRequireDefault
DA:3,1
DA:7,1
DA:9,1
DA:11,1
DA:13,1
DA:14,1
DA:16,1
DA:18,1
DA:20,1
DA:22,1
DA:24,1
DA:26,1
DA:27,1
DA:28,1
DA:29,1
DA:30,1
DA:31,1
DA:32,1
DA:33,1
LF:19
LH:19
BRDA:11,0,0,1
BRDA:11,0,1,0
BRDA:11,1,0,1
BRDA:11,1,1,1
BRF:4
BRH:3
end_of_record
TN:
SF:/Users/andeladeveloper/Documents/andela_projects/eventcity/server/dist/routes/events.js
FN:15,_interopRequireDefault
FNF:1
FNH:1
FNDA:2,_interopRequireDefault
DA:3,1
DA:7,1
DA:9,1
DA:11,1
DA:13,1
DA:15,2
DA:17,1
DA:18,1
DA:20,1
DA:22,1
DA:24,1
DA:26,1
DA:27,1
DA:28,1
DA:29,1
DA:30,1
DA:31,1
DA:33,1
LF:18
LH:18
BRDA:15,0,0,2
BRDA:15,0,1,0
BRDA:15,1,0,2
BRDA:15,1,1,2
BRF:4
BRH:3
end_of_record
TN:
SF:/Users/andeladeveloper/Documents/andela_projects/eventcity/server/dist/routes/index.js
FN:11,(anonymous_0)
FNF:1
FNH:0
FNDA:0,(anonymous_0)
DA:3,1
DA:6,1
DA:8,1
DA:11,1
DA:12,0
DA:15,1
LF:6
LH:5
BRF:0
BRH:0
end_of_record
TN:
SF:/Users/andeladeveloper/Documents/andela_projects/eventcity/server/dist/routes/users.js
FN:11,_interopRequireDefault
FNF:1
FNH:1
FNDA:1,_interopRequireDefault
DA:3,1
DA:7,1
DA:9,1
DA:11,1
DA:13,1
DA:15,1
DA:16,1
DA:18,1
DA:19,1
DA:22,1
DA:23,1
DA:24,1
DA:25,1
DA:27,1
LF:14
LH:14
BRDA:11,0,0,0
BRDA:11,0,1,1
BRDA:11,1,0,1
BRDA:11,1,1,1
BRF:4
BRH:3
end_of_record
TN:
SF:/Users/andeladeveloper/Documents/andela_projects/eventcity/server/dist/services/passport.js
FN:7,_interopRequireDefault
FN:9,_defineProperty
FN:30,(anonymous_2)
FN:31,(anonymous_3)
FN:36,(anonymous_4)
FN:41,(anonymous_5)
FN:44,(anonymous_6)
FN:51,(anonymous_7)
FNF:8
FNH:3
FNDA:1,_interopRequireDefault
FNDA:0,_defineProperty
FNDA:24,(anonymous_2)
FNDA:24,(anonymous_3)
FNDA:0,(anonymous_4)
FNDA:0,(anonymous_5)
FNDA:0,(anonymous_6)
FNDA:0,(anonymous_7)
DA:3,1
DA:5,1
DA:7,1
DA:9,0
DA:11,1
DA:13,1
DA:14,1
DA:16,1
DA:17,1
DA:19,1
DA:20,1
DA:21,1
DA:23,1
DA:26,1
DA:30,1
DA:31,24
DA:32,24
DA:33,24
DA:35,0
DA:37,0
DA:41,1
DA:42,0
DA:45,0
DA:46,0
DA:47,0
DA:49,0
DA:52,0
DA:53,0
LF:28
LH:18
BRDA:7,0,0,0
BRDA:7,0,1,1
BRDA:7,1,0,1
BRDA:7,1,1,1
BRDA:9,2,0,0
BRDA:9,2,1,0
BRDA:32,3,0,24
BRDA:32,3,1,0
BRDA:45,4,0,0
BRDA:45,4,1,0
BRDA:46,5,0,0
BRDA:46,5,1,0
BRDA:52,6,0,0
BRDA:52,6,1,0
BRF:14
BRH:4
end_of_record
TN:
SF:/Users/andeladeveloper/Documents/andela_projects/eventcity/server/dist/test/seeds/center.js
FNF:0
FNH:0
DA:3,1
DA:13,1
DA:23,1
DA:33,1
DA:43,1
DA:53,1
DA:63,1
DA:73,1
DA:83,1
DA:93,1
DA:105,1
LF:11
LH:11
BRF:0
BRH:0
end_of_record
TN:
SF:/Users/andeladeveloper/Documents/andela_projects/eventcity/server/dist/test/seeds/event.js
FNF:0
FNH:0
DA:3,1
DA:12,1
DA:21,1
DA:30,1
DA:39,1
DA:48,1
DA:57,1
DA:66,1
DA:74,1
DA:83,1
DA:95,1
LF:11
LH:11
BRF:0
BRH:0
end_of_record
TN:
SF:/Users/andeladeveloper/Documents/andela_projects/eventcity/server/dist/test/seeds/user.js
FNF:0
FNH:0
DA:3,1
DA:12,1
DA:20,1
DA:29,1
DA:38,1
DA:47,1
DA:56,1
DA:65,1
DA:74,1
DA:82,1
DA:91,1
DA:100,1
DA:109,1
DA:118,1
DA:134,1
LF:15
LH:15
BRF:0
BRH:0
end_of_record
